2025-03-07 23:30:27,257 - __main__ - INFO - Preparing training data from 5 files
2025-03-07 23:30:27,258 - __main__ - INFO - Target samples for Gujarati: 4407906
2025-03-07 23:30:27,258 - __main__ - INFO - Target samples for Hindi: 9263271
2025-03-07 23:30:27,258 - __main__ - INFO - Target samples for Kannada: 5764788
2025-03-07 23:30:27,258 - __main__ - INFO - Target samples for Malayalam: 6796133
2025-03-07 23:30:27,258 - __main__ - INFO - Target samples for Marathi: 3640281
2025-03-07 23:30:27,258 - __main__ - INFO - Target samples for Odia: 127618
2025-03-07 23:30:27,258 - __main__ - WARNING - No sampling info for marathi_combined.txt, skipping
2025-03-07 23:30:27,258 - __main__ - WARNING - No sampling info for malayalam_combined.txt, skipping
2025-03-07 23:30:27,258 - __main__ - WARNING - No sampling info for gujarati_combined.txt, skipping
2025-03-07 23:30:27,258 - __main__ - WARNING - No sampling info for hindi_combined.txt, skipping
2025-03-07 23:30:27,258 - __main__ - WARNING - No sampling info for kannada_combined.txt, skipping
2025-03-07 23:30:27,258 - __main__ - INFO - Combined training data created at thr_30M_combined.txt
2025-03-07 23:30:27,258 - __main__ - INFO - Training tokenizer with parameters: {'input': 'thr_30M_combined.txt', 'model_prefix': 'thr_30M', 'vocab_size': 50304, 'model_type': 'unigram', 'character_coverage': 0.9995, 'input_sentence_size': 30000000, 'shuffle_input_sentence': 'true', 'normalization_rule_name': 'nmt_nfkc_cf', 'num_threads': 16, 'split_by_whitespace': 'true', 'split_by_number': 'true', 'split_digits': 'true', 'treat_whitespace_as_suffix': 'false', 'user_defined_symbols': '<pad>,<s>,</s>,<mask>', 'unk_id': 3, 'bos_id': 1, 'eos_id': 2, 'pad_id': 0, 'max_sentence_length': 4192}
2025-03-07 23:30:27,259 - __main__ - ERROR - Error during tokenizer training: Internal: src/trainer_interface.cc(431) [!sentences_.empty()] 
2025-03-07 23:30:27,259 - __main__ - INFO - Took 0.001678466796875 seconds for proccessing 30000000 sentences.
2025-03-07 23:34:45,129 - __main__ - INFO - Combined file thr_30M_combined.txt already exists. Skipping preparation.
2025-03-07 23:34:45,130 - __main__ - INFO - Training tokenizer with parameters: {'input': 'thr_30M_combined.txt', 'model_prefix': 'thr_30M', 'vocab_size': 50304, 'model_type': 'unigram', 'character_coverage': 0.9995, 'input_sentence_size': 30000000, 'shuffle_input_sentence': 'true', 'normalization_rule_name': 'nmt_nfkc_cf', 'num_threads': 16, 'split_by_whitespace': 'true', 'split_by_number': 'true', 'split_digits': 'true', 'treat_whitespace_as_suffix': 'false', 'user_defined_symbols': '<pad>,<s>,</s>,<mask>', 'unk_id': 3, 'bos_id': 1, 'eos_id': 2, 'pad_id': 0, 'max_sentence_length': 4192}
2025-03-07 23:34:45,130 - __main__ - ERROR - Error during tokenizer training: Internal: src/trainer_interface.cc(431) [!sentences_.empty()] 
2025-03-07 23:34:45,130 - __main__ - INFO - Took 0.0010306835174560547 seconds for proccessing 30000000 sentences.
2025-03-07 23:36:08,145 - __main__ - INFO - Preparing training data from 6 files
2025-03-07 23:36:08,145 - __main__ - INFO - Target samples for Gujarati: 4407906
2025-03-07 23:36:08,145 - __main__ - INFO - Target samples for Hindi: 9263271
2025-03-07 23:36:08,145 - __main__ - INFO - Target samples for Kannada: 5764788
2025-03-07 23:36:08,145 - __main__ - INFO - Target samples for Malayalam: 6796133
2025-03-07 23:36:08,145 - __main__ - INFO - Target samples for Marathi: 3640281
2025-03-07 23:36:08,146 - __main__ - INFO - Target samples for Odia: 127618
2025-03-07 23:36:08,146 - __main__ - INFO - Processing ../../txt_data/gujrati.txt with 48219331 lines
2025-03-07 23:37:44,753 - __main__ - INFO - Sampled 4407906 lines from Gujarati
2025-03-07 23:37:44,753 - __main__ - INFO - Processing ../../txt_data/Hindi.txt with 69702576 lines
2025-03-07 23:41:13,301 - __main__ - INFO - Sampled 9263271 lines from Hindi
2025-03-07 23:41:13,315 - __main__ - INFO - Processing ../../txt_data/marathi.txt with 40369165 lines
2025-03-07 23:42:59,509 - __main__ - INFO - Sampled 3640281 lines from Marathi
2025-03-07 23:42:59,509 - __main__ - INFO - Processing ../../txt_data/kannada.txt with 62137119 lines
2025-03-07 23:45:15,138 - __main__ - INFO - Sampled 5764788 lines from Kannada
2025-03-07 23:45:15,138 - __main__ - INFO - Processing ../../txt_data/odia.txt with 2382568 lines
2025-03-07 23:45:19,187 - __main__ - INFO - Sampled 127618 lines from Odia
2025-03-07 23:45:19,187 - __main__ - INFO - Processing ../../txt_data/malayalam.txt with 64879852 lines
2025-03-07 23:48:08,840 - __main__ - INFO - Sampled 6796133 lines from Malayalam
2025-03-07 23:48:08,840 - __main__ - INFO - Combined training data created at the_30M_combined.txt
2025-03-07 23:48:09,597 - __main__ - INFO - Training tokenizer with parameters: {'input': 'the_30M_combined.txt', 'model_prefix': 'the_30M', 'vocab_size': 50304, 'model_type': 'unigram', 'character_coverage': 0.9995, 'input_sentence_size': 30000000, 'shuffle_input_sentence': 'true', 'normalization_rule_name': 'nmt_nfkc_cf', 'num_threads': 16, 'split_by_whitespace': 'true', 'split_by_number': 'true', 'split_digits': 'true', 'treat_whitespace_as_suffix': 'false', 'user_defined_symbols': '<pad>,<s>,</s>,<mask>', 'unk_id': 3, 'bos_id': 1, 'eos_id': 2, 'pad_id': 0, 'max_sentence_length': 4192}
2025-03-08 00:08:28,332 - __main__ - INFO - Combined file the_30M_combined.txt already exists. Skipping preparation.
2025-03-08 02:37:44,008 - __main__ - INFO - Preparing training data from 6 files
2025-03-08 02:37:44,008 - __main__ - INFO - Target samples for Gujarati: 2050835
2025-03-08 02:37:44,008 - __main__ - INFO - Target samples for Hindi: 1771081
2025-03-08 02:37:44,008 - __main__ - INFO - Target samples for Kannada: 3759686
2025-03-08 02:37:44,008 - __main__ - INFO - Target samples for Malayalam: 4125134
2025-03-08 02:37:44,009 - __main__ - INFO - Target samples for Marathi: 2234581
2025-03-08 02:37:44,009 - __main__ - INFO - Target samples for Odia: 58680
2025-03-08 02:37:44,009 - __main__ - INFO - Processing ../preprocessed/hindi_processed.txt with 18800523 lines
2025-03-08 02:38:20,307 - __main__ - INFO - Sampled 1771081 lines from Hindi
2025-03-08 02:38:20,307 - __main__ - INFO - Processing ../preprocessed/marathi_processed.txt with 23720708 lines
2025-03-08 02:39:04,698 - __main__ - INFO - Sampled 2234581 lines from Marathi
2025-03-08 02:39:04,698 - __main__ - INFO - Processing ../preprocessed/odia_processed.txt with 622911 lines
2025-03-08 02:39:05,827 - __main__ - INFO - Sampled 58680 lines from Odia
2025-03-08 02:39:05,827 - __main__ - INFO - Processing ../preprocessed/kannada_processed.txt with 39910121 lines
2025-03-08 02:40:25,402 - __main__ - INFO - Sampled 3759686 lines from Kannada
2025-03-08 02:40:25,402 - __main__ - INFO - Processing ../preprocessed/malayalam_processed.txt with 43789448 lines
2025-03-08 02:42:25,222 - __main__ - INFO - Sampled 4125134 lines from Malayalam
2025-03-08 02:42:25,222 - __main__ - INFO - Processing ../preprocessed/gujarati_processed.txt with 21770185 lines
2025-03-08 02:43:19,307 - __main__ - INFO - Sampled 2050835 lines from Gujarati
2025-03-08 02:43:19,308 - __main__ - INFO - Combined training data created at the_14M_combined.txt
2025-03-08 02:43:19,482 - __main__ - INFO - Training tokenizer with parameters: {'input': 'the_14M_combined.txt', 'model_prefix': 'the_14M', 'vocab_size': 50304, 'model_type': 'unigram', 'character_coverage': 0.9995, 'input_sentence_size': 14000000, 'shuffle_input_sentence': 'true', 'normalization_rule_name': 'nmt_nfkc_cf', 'num_threads': 16, 'split_by_whitespace': 'true', 'split_by_number': 'true', 'split_digits': 'true', 'treat_whitespace_as_suffix': 'false', 'user_defined_symbols': '<pad>,<s>,</s>,<mask>', 'unk_id': 3, 'bos_id': 1, 'eos_id': 2, 'pad_id': 0, 'max_sentence_length': 4192}
2025-03-08 02:58:36,265 - __main__ - INFO - Combined file the_14M_combined.txt already exists. Skipping preparation.
2025-03-08 02:58:36,265 - __main__ - INFO - Training tokenizer with parameters: {'input': 'the_14M_combined.txt', 'model_prefix': 'the_14M', 'vocab_size': 50304, 'model_type': 'unigram', 'character_coverage': 0.9995, 'input_sentence_size': 14000000, 'shuffle_input_sentence': 'true', 'normalization_rule_name': 'nmt_nfkc_cf', 'num_threads': 16, 'split_by_whitespace': 'true', 'split_by_number': 'true', 'split_digits': 'true', 'treat_whitespace_as_suffix': 'false', 'user_defined_symbols': '<pad>,<s>,</s>,<mask>', 'unk_id': 3, 'bos_id': 1, 'eos_id': 2, 'pad_id': 0, 'max_sentence_length': 4192}
2025-03-08 03:07:04,993 - __main__ - INFO - Preparing training data from 6 files
2025-03-08 03:07:04,994 - __main__ - INFO - Target samples for Gujarati: 1464882
2025-03-08 03:07:04,994 - __main__ - INFO - Target samples for Hindi: 1265058
2025-03-08 03:07:04,994 - __main__ - INFO - Target samples for Kannada: 2685490
2025-03-08 03:07:04,994 - __main__ - INFO - Target samples for Malayalam: 2946524
2025-03-08 03:07:04,994 - __main__ - INFO - Target samples for Marathi: 1596129
2025-03-08 03:07:04,994 - __main__ - INFO - Target samples for Odia: 41914
2025-03-08 03:07:04,994 - __main__ - INFO - Processing ../preprocessed/hindi_processed.txt with 18800523 lines
2025-03-08 03:07:45,317 - __main__ - INFO - Sampled 1265058 lines from Hindi
2025-03-08 03:07:45,318 - __main__ - INFO - Processing ../preprocessed/marathi_processed.txt with 23720708 lines
2025-03-08 03:08:35,254 - __main__ - INFO - Sampled 1596129 lines from Marathi
2025-03-08 03:08:35,254 - __main__ - INFO - Processing ../preprocessed/odia_processed.txt with 622911 lines
2025-03-08 03:08:36,400 - __main__ - INFO - Sampled 41914 lines from Odia
2025-03-08 03:08:36,400 - __main__ - INFO - Processing ../preprocessed/kannada_processed.txt with 39910121 lines
2025-03-08 03:10:00,063 - __main__ - INFO - Sampled 2685490 lines from Kannada
2025-03-08 03:10:00,064 - __main__ - INFO - Processing ../preprocessed/malayalam_processed.txt with 43789448 lines
2025-03-08 03:11:53,348 - __main__ - INFO - Sampled 2946524 lines from Malayalam
2025-03-08 03:11:53,349 - __main__ - INFO - Processing ../preprocessed/gujarati_processed.txt with 21770185 lines
2025-03-08 03:12:40,959 - __main__ - INFO - Sampled 1464882 lines from Gujarati
2025-03-08 03:12:40,959 - __main__ - INFO - Combined training data created at the_10M_combined.txt
2025-03-08 03:12:41,076 - __main__ - INFO - Training tokenizer with parameters: {'input': 'the_10M_combined.txt', 'model_prefix': 'the_10M', 'vocab_size': 50304, 'model_type': 'unigram', 'character_coverage': 0.9995, 'input_sentence_size': 10000000, 'shuffle_input_sentence': 'true', 'normalization_rule_name': 'nmt_nfkc_cf', 'num_threads': 16, 'split_by_whitespace': 'true', 'split_by_number': 'true', 'split_digits': 'true', 'treat_whitespace_as_suffix': 'false', 'user_defined_symbols': '<pad>,<s>,</s>,<mask>', 'unk_id': 3, 'bos_id': 1, 'eos_id': 2, 'pad_id': 0, 'max_sentence_length': 4192}
2025-03-08 03:30:49,814 - __main__ - INFO - Training completed successfully. Model saved to the_10M.model
2025-03-08 03:30:49,816 - __main__ - INFO - Took 1424.8227803707123 seconds for proccessing 10000000 sentences.
2025-03-08 03:30:50,449 - __main__ - INFO - Loaded model with vocabulary size: 50304
2025-03-08 03:30:50,449 - __main__ - INFO - Testing on Hindi samples:
2025-03-08 03:30:50,451 - __main__ - INFO - 
Hindi Sample 1:
2025-03-08 03:30:50,451 - __main__ - INFO - Original: ग्रेटर नोएडा:EROS TIMES: जैसा कि विदित ही है कि कई वर्षों से सिरसा गोल चक्कर से लेकर कासना तक यात्रि...
2025-03-08 03:30:50,451 - __main__ - INFO - Tokens: ['▁ग्रेट', 'र', '▁नोएडा', ':', 'er', 'os', '▁times', ':', '▁जैसा', '▁कि', '▁', 'विद', 'ित', '▁ही', '▁है', '▁कि', '▁कई', '▁वर्षों', '▁से', '▁सिर']...
2025-03-08 03:30:50,451 - __main__ - INFO - # Tokens: 33
2025-03-08 03:30:50,452 - __main__ - INFO - # original: 103
2025-03-08 03:30:50,452 - __main__ - INFO - 
Hindi Sample 2:
2025-03-08 03:30:50,452 - __main__ - INFO - Original: ऐसी स्थिति में एक न्यायपूर्ण सरकार सार्वजनिक वित्त का इस तरह इस्तेमाल करती है कि संसाधनों का आवंटन, ...
2025-03-08 03:30:50,452 - __main__ - INFO - Tokens: ['▁ऐसी', '▁स्थिति', '▁में', '▁एक', '▁न्याय', 'पूर्ण', '▁सरकार', '▁सार्वजनिक', '▁वित्त', '▁का', '▁इस', '▁तरह', '▁इस्तेमाल', '▁करती', '▁है', '▁कि', '▁संसाधन', 'ों', '▁का', '▁आवंटन']...
2025-03-08 03:30:50,452 - __main__ - INFO - # Tokens: 22
2025-03-08 03:30:50,452 - __main__ - INFO - # original: 103
2025-03-08 03:30:50,452 - __main__ - INFO - 
Hindi Sample 3:
2025-03-08 03:30:50,452 - __main__ - INFO - Original: उन्होंने कहा कि अपने गठन के चार दशकों में सोसायटी ने निर्धन और जरूरतमंद लोगों को हरसंभव सहायता प्रदा...
2025-03-08 03:30:50,452 - __main__ - INFO - Tokens: ['▁उन्होंने', '▁कहा', '▁कि', '▁अपने', '▁गठन', '▁के', '▁चार', '▁दशक', 'ों', '▁में', '▁सोसायटी', '▁ने', '▁निर्', 'धन', '▁और', '▁जरूरत', 'मंद', '▁लोगों', '▁को', '▁हर']...
2025-03-08 03:30:50,452 - __main__ - INFO - # Tokens: 27
2025-03-08 03:30:50,452 - __main__ - INFO - # original: 103
2025-03-08 03:30:50,452 - __main__ - INFO - 
Hindi Sample 4:
2025-03-08 03:30:50,452 - __main__ - INFO - Original: स्वदेशी फाइटर जेट तेजस और लाइट कॉम्बेट हेलीकॉप्टर (एलसीएच) इस एक्सरसाइज के स्टार परफॉमर्स हैं।
2025-03-08 03:30:50,453 - __main__ - INFO - Tokens: ['▁स्वदेशी', '▁फ', 'ाइट', 'र', '▁जेट', '▁तेज', 'स', '▁और', '▁लाइट', '▁कॉ', 'म्ब', 'ेट', '▁हेलीकॉप्टर', '▁(', 'एल', 'सीए', 'च', ')', '▁इस', '▁एक्सरसाइज']...
2025-03-08 03:30:50,453 - __main__ - INFO - # Tokens: 29
2025-03-08 03:30:50,453 - __main__ - INFO - # original: 94
2025-03-08 03:30:50,453 - __main__ - INFO - 
Hindi Sample 5:
2025-03-08 03:30:50,453 - __main__ - INFO - Original: अपनी इस हालत के लिए महिला कैदी ने जेल प्रबंधन को जिम्मेदार ठहराया.
2025-03-08 03:30:50,453 - __main__ - INFO - Tokens: ['▁अपनी', '▁इस', '▁हालत', '▁के', '▁लिए', '▁महिला', '▁कैद', 'ी', '▁ने', '▁जेल', '▁प्रबंधन', '▁को', '▁जिम्मेदार', '▁ठहराया', '.']
2025-03-08 03:30:50,453 - __main__ - INFO - # Tokens: 15
2025-03-08 03:30:50,453 - __main__ - INFO - # original: 66
2025-03-08 03:30:50,453 - __main__ - INFO - 
Hindi Sample 6:
2025-03-08 03:30:50,453 - __main__ - INFO - Original: ऑनलाइन आवेदन करने के बाद इसका प्रिंट निकाल कर जरूर रखें।
2025-03-08 03:30:50,453 - __main__ - INFO - Tokens: ['▁ऑनलाइन', '▁आवेदन', '▁करने', '▁के', '▁बाद', '▁इसका', '▁प्रिंट', '▁निकाल', '▁कर', '▁जरूर', '▁रखें', '।']
2025-03-08 03:30:50,453 - __main__ - INFO - # Tokens: 12
2025-03-08 03:30:50,453 - __main__ - INFO - # original: 56
2025-03-08 03:30:50,454 - __main__ - INFO - 
Hindi Sample 7:
2025-03-08 03:30:50,454 - __main__ - INFO - Original: वो भारत लौटता है और अपनी पत्नी और रिश्तेदारों से छुपकर एक टॉनिक तैयार भी करता है।
2025-03-08 03:30:50,454 - __main__ - INFO - Tokens: ['▁वो', '▁भारत', '▁लौट', 'ता', '▁है', '▁और', '▁अपनी', '▁पत्नी', '▁और', '▁रिश्तेदार', 'ों', '▁से', '▁छुप', 'कर', '▁एक', '▁टॉ', 'निक', '▁तैयार', '▁भी', '▁करता']...
2025-03-08 03:30:50,454 - __main__ - INFO - # Tokens: 22
2025-03-08 03:30:50,454 - __main__ - INFO - # original: 81
2025-03-08 03:30:50,454 - __main__ - INFO - 
Hindi Sample 8:
2025-03-08 03:30:50,454 - __main__ - INFO - Original: उन्होंने मुख्य रूप से प्रदेश की सभी मार्गों को गड्ढा मुक्त करने हेतु आवश्यक मरम्मत कार्य गुणवत्ता के...
2025-03-08 03:30:50,454 - __main__ - INFO - Tokens: ['▁उन्होंने', '▁मुख्य', '▁रूप', '▁से', '▁प्रदेश', '▁की', '▁सभी', '▁मार्ग', 'ों', '▁को', '▁गड', '्', 'ढा', '▁मुक्त', '▁करने', '▁हेतु', '▁आवश्यक', '▁मरम्मत', '▁कार्य', '▁गुणवत्ता']...
2025-03-08 03:30:50,454 - __main__ - INFO - # Tokens: 22
2025-03-08 03:30:50,454 - __main__ - INFO - # original: 103
2025-03-08 03:30:50,454 - __main__ - INFO - 
Hindi Sample 9:
2025-03-08 03:30:50,454 - __main__ - INFO - Original: बलदेव और सूबेदार मेजर ब्रह्मू ने कहा कि सीताराम भारद्वाज हमारे पड़ोसी हैं।
2025-03-08 03:30:50,454 - __main__ - INFO - Tokens: ['▁बलदेव', '▁और', '▁सूबे', 'दार', '▁मेजर', '▁ब्रह्म', 'ू', '▁ने', '▁कहा', '▁कि', '▁सीताराम', '▁भारद्वाज', '▁हमारे', '▁पड़', 'ो', 'सी', '▁हैं', '।']
2025-03-08 03:30:50,454 - __main__ - INFO - # Tokens: 18
2025-03-08 03:30:50,455 - __main__ - INFO - # original: 74
2025-03-08 03:30:50,455 - __main__ - INFO - 
Hindi Sample 10:
2025-03-08 03:30:50,455 - __main__ - INFO - Original: पुलिस अधीक्षक जेरी मरक ने कहा कि लगातार पैदल चलते रहने के कारण वह काफी कमजोर हो गया है।
2025-03-08 03:30:50,455 - __main__ - INFO - Tokens: ['▁पुलिस', '▁अधीक्षक', '▁जे', 'री', '▁मर', 'क', '▁ने', '▁कहा', '▁कि', '▁लगातार', '▁पैदल', '▁चलते', '▁रहने', '▁के', '▁कारण', '▁वह', '▁काफी', '▁कमजोर', '▁हो', '▁गया']...
2025-03-08 03:30:50,455 - __main__ - INFO - # Tokens: 22
2025-03-08 03:30:50,455 - __main__ - INFO - # original: 87
2025-03-08 03:30:50,455 - __main__ - INFO - Testing on Marathi samples:
2025-03-08 03:30:50,457 - __main__ - INFO - 
Marathi Sample 1:
2025-03-08 03:30:50,457 - __main__ - INFO - Original: अर्जुन ला इतकी ही अक्कल का असू नये की एखाद्याचा फोन आपण घेतला असेल सोबत तर तो सायलेंट करावा.
2025-03-08 03:30:50,457 - __main__ - INFO - Tokens: ['▁अर्जुन', '▁ला', '▁इतकी', '▁ही', '▁अ', 'क्कल', '▁का', '▁असू', '▁नये', '▁की', '▁एखाद्या', 'चा', '▁फोन', '▁आपण', '▁घेतला', '▁असेल', '▁सोबत', '▁तर', '▁तो', '▁साय']...
2025-03-08 03:30:50,457 - __main__ - INFO - # Tokens: 24
2025-03-08 03:30:50,457 - __main__ - INFO - # original: 92
2025-03-08 03:30:50,457 - __main__ - INFO - 
Marathi Sample 2:
2025-03-08 03:30:50,457 - __main__ - INFO - Original: आज उत्पादक सर्वशक्तिमान स्वयंपाकघर सोपे काम साधनांकरीता विविधता देतात.
2025-03-08 03:30:50,457 - __main__ - INFO - Tokens: ['▁आज', '▁उत्पादक', '▁सर्व', 'शक्ति', 'मान', '▁स्वयंपाकघर', '▁सोपे', '▁काम', '▁साधना', 'ं', 'करीता', '▁विविधता', '▁देतात', '.']
2025-03-08 03:30:50,457 - __main__ - INFO - # Tokens: 14
2025-03-08 03:30:50,458 - __main__ - INFO - # original: 70
2025-03-08 03:30:50,458 - __main__ - INFO - 
Marathi Sample 3:
2025-03-08 03:30:50,458 - __main__ - INFO - Original: एवढंच कशाला निशाणक-यांनी गावोगावी अनवाणीच जाण्याची प्रथा आहे.
2025-03-08 03:30:50,458 - __main__ - INFO - Tokens: ['▁एवढंच', '▁कशा', 'ला', '▁नि', 'शा', 'ण', 'क', '-', 'यांनी', '▁गाव', 'ो', 'गाव', 'ी', '▁अन', 'वाणी', 'च', '▁जाण्याची', '▁प्रथा', '▁आहे', '.']
2025-03-08 03:30:50,458 - __main__ - INFO - # Tokens: 20
2025-03-08 03:30:50,458 - __main__ - INFO - # original: 61
2025-03-08 03:30:50,458 - __main__ - INFO - 
Marathi Sample 4:
2025-03-08 03:30:50,458 - __main__ - INFO - Original: सरकारी कामात अडथळा निर्माण करणे, शिवीगाळ करणे या कलमांतर्गत आमदार कदम यांच्यावर कारवाई होण्याची शक्य...
2025-03-08 03:30:50,458 - __main__ - INFO - Tokens: ['▁सरकारी', '▁कामात', '▁अडथळा', '▁निर्माण', '▁करणे', ',', '▁शिवीगाळ', '▁करणे', '▁या', '▁कलम', 'ांतर्गत', '▁आमदार', '▁कदम', '▁यांच्यावर', '▁कारवाई', '▁होण्याची', '▁शक्य', '...']
2025-03-08 03:30:50,458 - __main__ - INFO - # Tokens: 18
2025-03-08 03:30:50,458 - __main__ - INFO - # original: 103
2025-03-08 03:30:50,459 - __main__ - INFO - 
Marathi Sample 5:
2025-03-08 03:30:50,459 - __main__ - INFO - Original: यावर बोलताना एमएसके प्रसाद म्हणाले, ‘एखाद्याविषयी अशा स्तरावर जाऊन वक्तव्य करून त्यातून आनंद मिळवण्य...
2025-03-08 03:30:50,459 - __main__ - INFO - Tokens: ['▁यावर', '▁बोलताना', '▁', 'एमएस', 'के', '▁प्रसाद', '▁म्हणाले', ',', '▁‘', 'ए', 'खा', 'द्या', 'विषयी', '▁अशा', '▁स्तरावर', '▁जाऊन', '▁वक्तव्य', '▁करून', '▁त्यातून', '▁आनंद']...
2025-03-08 03:30:50,459 - __main__ - INFO - # Tokens: 23
2025-03-08 03:30:50,459 - __main__ - INFO - # original: 103
2025-03-08 03:30:50,459 - __main__ - INFO - 
Marathi Sample 6:
2025-03-08 03:30:50,459 - __main__ - INFO - Original: महाराष्ट्रात काढण्यात आलेली महाजनादेश यात्रा ही कोणत्या देवतांच्या दर्शनासाठी नसून निवडून दिलेल्या ज...
2025-03-08 03:30:50,459 - __main__ - INFO - Tokens: ['▁महाराष्ट्रात', '▁काढण्यात', '▁आलेली', '▁महाजन', 'ा', 'देश', '▁यात्रा', '▁ही', '▁कोणत्या', '▁देवता', 'ंच्या', '▁दर्शन', 'ासाठी', '▁नसून', '▁निवडून', '▁दिलेल्या', '▁ज', '...']
2025-03-08 03:30:50,459 - __main__ - INFO - # Tokens: 18
2025-03-08 03:30:50,459 - __main__ - INFO - # original: 103
2025-03-08 03:30:50,460 - __main__ - INFO - 
Marathi Sample 7:
2025-03-08 03:30:50,460 - __main__ - INFO - Original: आपण सगळेच बदललो. आपलं जगणं बदललं. श्रद्धेच्या शुचितेच्या, प्रामाणिकपणाच्या व्याख्याही बदलल्या आणि मग...
2025-03-08 03:30:50,460 - __main__ - INFO - Tokens: ['▁आपण', '▁सगळे', 'च', '▁बदल', 'लो', '.', '▁आपलं', '▁जग', 'णं', '▁बदल', 'लं', '.', '▁', 'श्र', 'द्ध', 'ेच्या', '▁', 'शु', 'चित', 'ेच्या']...
2025-03-08 03:30:50,460 - __main__ - INFO - # Tokens: 31
2025-03-08 03:30:50,460 - __main__ - INFO - # original: 103
2025-03-08 03:30:50,460 - __main__ - INFO - 
Marathi Sample 8:
2025-03-08 03:30:50,460 - __main__ - INFO - Original: त्यामुळे राज्यातील वाहतुकीवर परिणाम. . . अनंतनागमध्ये सुरक्षा दलावर ग्रेनेड हल्ला, सहा जवान गंभीर जख...
2025-03-08 03:30:50,460 - __main__ - INFO - Tokens: ['▁त्यामुळे', '▁राज्यातील', '▁वाहतुक', 'ीवर', '▁परिणाम', '.', '▁', '.', '▁', '.', '▁अनंत', 'ना', 'ग', 'मध्ये', '▁सुरक्षा', '▁दल', 'ावर', '▁ग्रे', 'ने', 'ड']...
2025-03-08 03:30:50,460 - __main__ - INFO - # Tokens: 28
2025-03-08 03:30:50,460 - __main__ - INFO - # original: 103
2025-03-08 03:30:50,460 - __main__ - INFO - 
Marathi Sample 9:
2025-03-08 03:30:50,460 - __main__ - INFO - Original: रत्नागिरीत तालुक्यातील सोमेश्वर गावात फासकीत अडकलेल्या बिबट्याला आस सकाळी जीवदान देण्यात वनविभागाला ...
2025-03-08 03:30:50,460 - __main__ - INFO - Tokens: ['▁रत्नागिरी', 'त', '▁तालुक्यातील', '▁सोम', 'ेश्वर', '▁गावात', '▁फास', 'की', 'त', '▁अडक', 'लेल्या', '▁बिबट्या', 'ला', '▁आस', '▁सकाळी', '▁जीव', 'दान', '▁देण्यात', '▁वनविभागा', 'ला']...
2025-03-08 03:30:50,461 - __main__ - INFO - # Tokens: 21
2025-03-08 03:30:50,461 - __main__ - INFO - # original: 103
2025-03-08 03:30:50,461 - __main__ - INFO - 
Marathi Sample 10:
2025-03-08 03:30:50,461 - __main__ - INFO - Original: चेन्नईचे जिल्हाध्यक्ष असलेल्या त्यागराज यांना पक्षविरोधी कारवाया केल्याबद्दल पक्षातून निलंबित केलं आ...
2025-03-08 03:30:50,461 - __main__ - INFO - Tokens: ['▁चेन्नई', 'चे', '▁जिल्हाध्यक्ष', '▁असलेल्या', '▁त्याग', 'राज', '▁यांना', '▁पक्ष', 'विरोधी', '▁कारवाया', '▁केल्याबद्दल', '▁पक्ष', 'ातून', '▁निलंबित', '▁केलं', '▁आ', '...']
2025-03-08 03:30:50,461 - __main__ - INFO - # Tokens: 17
2025-03-08 03:30:50,461 - __main__ - INFO - # original: 103
2025-03-08 03:30:50,461 - __main__ - INFO - Testing on Odia samples:
2025-03-08 03:30:50,463 - __main__ - INFO - 
Odia Sample 1:
2025-03-08 03:30:50,463 - __main__ - INFO - Original: 'ବଂଧୁମାନେ ମୁଁ ଚଳିତ ବର୍ଷର ଆଇପିଏଲ୍କୁ ବ୍ୟକ୍ତିଗତ କାରଣରୁ ଖେଳିପାରୁ ନାହିଁ।
2025-03-08 03:30:50,463 - __main__ - INFO - Tokens: ["▁'", 'ବ', 'ଂ', 'ଧ', 'ୁ', 'ମାନେ', '▁ମୁ', 'ଁ', '▁ଚ', 'ଳ', 'ିତ', '▁ବର୍ଷ', 'ର', '▁', 'ଆଇ', 'ପ', 'ିଏ', 'ଲ୍', 'କୁ', '▁ବ୍ୟକ୍ତି']...
2025-03-08 03:30:50,463 - __main__ - INFO - # Tokens: 33
2025-03-08 03:30:50,463 - __main__ - INFO - # original: 67
2025-03-08 03:30:50,463 - __main__ - INFO - 
Odia Sample 2:
2025-03-08 03:30:50,463 - __main__ - INFO - Original: ତେବେ ଏହି ୫ଏକର ଜମିକୁ ସୁନ୍ନି ବୋର୍ଡ ଗ୍ରହଣ କରିବ କି ନାହିଁ, ସେ ସମ୍ପର୍କରେ ନଭେମ୍ବର ୨୬ରେ ନିଷ୍ପତ୍ତି ନେବ ବୋଲି ଉ...
2025-03-08 03:30:50,463 - __main__ - INFO - Tokens: ['▁ତେବେ', '▁ଏହି', '▁', '୫', 'ଏ', 'କର', '▁ଜ', 'ମି', 'କୁ', '▁ସୁ', 'ନ୍', 'ନି', '▁ବ', 'ୋ', 'ର୍', 'ଡ', '▁', 'ଗ୍ରହ', 'ଣ', '▁କରି']...
2025-03-08 03:30:50,463 - __main__ - INFO - # Tokens: 48
2025-03-08 03:30:50,463 - __main__ - INFO - # original: 103
2025-03-08 03:30:50,463 - __main__ - INFO - 
Odia Sample 3:
2025-03-08 03:30:50,463 - __main__ - INFO - Original: ଏଠାରେ ଜଣେ 45 ବର୍ଷର ମହିଳାଙ୍କୁ ନିଜଠାରୁ 15 ବର୍ଷୀୟ ସାନ ଯୁବକ ସହିତ ପ୍ରେମ ହୋଇଗଲା।
2025-03-08 03:30:50,463 - __main__ - INFO - Tokens: ['▁ଏ', 'ଠ', 'ାରେ', '▁ଜଣେ', '▁', '4', '5', '▁ବର୍ଷ', 'ର', '▁ମହିଳା', 'ଙ୍କୁ', '▁ନିଜ', 'ଠ', 'ାରୁ', '▁', '1', '5', '▁ବର୍ଷ', 'ୀୟ', '▁ସ']...
2025-03-08 03:30:50,463 - __main__ - INFO - # Tokens: 33
2025-03-08 03:30:50,463 - __main__ - INFO - # original: 74
2025-03-08 03:30:50,464 - __main__ - INFO - 
Odia Sample 4:
2025-03-08 03:30:50,464 - __main__ - INFO - Original: """ଆପଣଙ୍କ ବର୍ତ୍ତମାନ କାର୍ଯ୍ୟ ଉପରେ ଆପଣଙ୍କ ଭବିଷ୍ୟତ ନିର୍ଭର କରୁଛି"""
2025-03-08 03:30:50,464 - __main__ - INFO - Tokens: ['▁"""', 'ଆ', 'ପ', 'ଣ', 'ଙ୍କ', '▁ବର୍ତ୍ତମାନ', '▁କାର୍ଯ୍ୟ', '▁ଉପରେ', '▁ଆପଣଙ୍କ', '▁ଭ', 'ବି', 'ଷ', '୍ୟ', 'ତ', '▁', 'ନିର୍', 'ଭ', 'ର', '▁କ', 'ରୁ']...
2025-03-08 03:30:50,464 - __main__ - INFO - # Tokens: 23
2025-03-08 03:30:50,464 - __main__ - INFO - # original: 63
2025-03-08 03:30:50,464 - __main__ - INFO - 
Odia Sample 5:
2025-03-08 03:30:50,464 - __main__ - INFO - Original: """ବିଗତ ଦୁଇ ବର୍ଷ ମଧ୍ୟରେ ଶ୍ରୀ ଓମ ବିର୍ଲା ଜୀ ଅନେକ ପଦକ୍ଷେପ ଗ୍ରହଣ କରିଛନ୍ତି ଯାହା ଆମ ସଂସଦୀୟ ଗଣତନ୍ତ୍ରକୁ ସମୃଦ...
2025-03-08 03:30:50,464 - __main__ - INFO - Tokens: ['▁"""', 'ବି', 'ଗତ', '▁ଦୁଇ', '▁ବର୍ଷ', '▁ମଧ୍ୟରେ', '▁', 'ଶ୍', 'ରୀ', '▁', 'ଓ', 'ମ', '▁ବି', 'ର୍', 'ଲା', '▁ଜ', 'ୀ', '▁ଅନେକ', '▁ପ', 'ଦ']...
2025-03-08 03:30:50,464 - __main__ - INFO - # Tokens: 43
2025-03-08 03:30:50,464 - __main__ - INFO - # original: 103
2025-03-08 03:30:50,464 - __main__ - INFO - 
Odia Sample 6:
2025-03-08 03:30:50,464 - __main__ - INFO - Original: "ଷ୍ଟିଭ୍ ମୋଲେନ୍କଫ୍, ସିଇଓ, କ୍ୱାଲ୍କମ୍ ଇନକର୍ପୋରେଟେଡ୍ କହିଛନ୍ତି ଯେ, ""ସବୁ ଲୋକଙ୍କୁ ଓ ସବୁ କିଛି ପାଇଁ ଡିଜିଟାଲ୍...
2025-03-08 03:30:50,464 - __main__ - INFO - Tokens: ['▁"', 'ଷ୍ଟି', 'ଭ', '୍', '▁ମୋ', 'ଲେ', 'ନ୍', 'କ', 'ଫ', '୍', ',', '▁', 'ସି', 'ଇ', 'ଓ', ',', '▁', 'କ୍', 'ୱ', 'ା']...
2025-03-08 03:30:50,464 - __main__ - INFO - # Tokens: 54
2025-03-08 03:30:50,465 - __main__ - INFO - # original: 103
2025-03-08 03:30:50,465 - __main__ - INFO - 
Odia Sample 7:
2025-03-08 03:30:50,465 - __main__ - INFO - Original: """ମୁଁ ସତ୍ୟ ଓ ନିଷ୍ଠାର ସହିତ ଶପଥ ନେଉଛି ଯେ ରାଷ୍ଟ୍ରର ଏକତା, ଅଖଣ୍ଡତା ଏବଂ ସୁରକ୍ଷାକୁ ବଜାୟ ରଖିବା ପାଇଁ ନିଜକୁ ସ...
2025-03-08 03:30:50,465 - __main__ - INFO - Tokens: ['▁"""', 'ମୁ', 'ଁ', '▁ସ', 'ତ୍ୟ', '▁', 'ଓ', '▁ନି', 'ଷ୍', 'ଠ', 'ାର', '▁ସହିତ', '▁ଶ', 'ପ', 'ଥ', '▁ନ', 'େ', 'ଉ', 'ଛି', '▁ଯେ']...
2025-03-08 03:30:50,465 - __main__ - INFO - # Tokens: 49
2025-03-08 03:30:50,465 - __main__ - INFO - # original: 103
2025-03-08 03:30:50,465 - __main__ - INFO - 
Odia Sample 8:
2025-03-08 03:30:50,465 - __main__ - INFO - Original: ଏହି ଆଇନ ସମ୍ଭୁତ ନିୟମାବଳୀରେ ସଂସ୍ଥିତ ପଦ୍ଧତ୍ତି ଓ ଅଧିକାରୀଙ୍କ ମାଧ୍ୟମରେ ସରକାର ଓଡ଼ିଶାର ସାଧାରଣ ଲୋକଙ୍କ ଠାରୁ ଏହ...
2025-03-08 03:30:50,465 - __main__ - INFO - Tokens: ['▁ଏହି', '▁', 'ଆଇ', 'ନ', '▁ସ', 'ମ୍ଭ', 'ୁ', 'ତ', '▁ନି', 'ୟ', 'ମା', 'ବ', 'ଳ', 'ୀ', 'ରେ', '▁ସ', 'ଂ', 'ସ୍ଥ', 'ିତ', '▁ପ']...
2025-03-08 03:30:50,465 - __main__ - INFO - # Tokens: 48
2025-03-08 03:30:50,465 - __main__ - INFO - # original: 103
2025-03-08 03:30:50,465 - __main__ - INFO - 
Odia Sample 9:
2025-03-08 03:30:50,466 - __main__ - INFO - Original: ତାଙ୍କ ନେତୃତ୍ୱରେ ଲିସେଷ୍ଟର ସିଟି ଏକ ପରିବାର ଭଳି ଥିଲା।
2025-03-08 03:30:50,466 - __main__ - INFO - Tokens: ['▁ତାଙ୍କ', '▁ନ', 'େ', 'ତ', 'ୃ', 'ତ୍', 'ୱ', 'ରେ', '▁', 'ଲି', 'ସ', 'େ', 'ଷ୍ଟ', 'ର', '▁', 'ସି', 'ଟି', '▁ଏକ', '▁ପରିବାର', '▁']...
2025-03-08 03:30:50,466 - __main__ - INFO - # Tokens: 24
2025-03-08 03:30:50,466 - __main__ - INFO - # original: 49
2025-03-08 03:30:50,466 - __main__ - INFO - 
Odia Sample 10:
2025-03-08 03:30:50,466 - __main__ - INFO - Original: 16ଏଥିଉତ୍ତାରେ ସେ ମୋତେ ସଦାପ୍ରଭୁଙ୍କ ଗୃହର ଭିତର ପ୍ରାଙ୍ଗଣ ମଧ୍ୟକୁ ଆଣିଲେ, ଆଉ ଦେଖ, ସଦାପ୍ରଭୁଙ୍କ ମନ୍ଦିରର ଦ୍ୱାର ...
2025-03-08 03:30:50,466 - __main__ - INFO - Tokens: ['▁', '1', '6', 'ଏ', 'ଥି', 'ଉ', 'ତ୍', 'ତା', 'ରେ', '▁ସେ', '▁ମୋ', 'ତେ', '▁ସ', 'ଦା', 'ପ୍ର', 'ଭ', 'ୁ', 'ଙ୍କ', '▁ଗ', 'ୃ']...
2025-03-08 03:30:50,466 - __main__ - INFO - # Tokens: 52
2025-03-08 03:30:50,466 - __main__ - INFO - # original: 103
2025-03-08 03:30:50,466 - __main__ - INFO - Testing on Kannada samples:
2025-03-08 03:30:50,468 - __main__ - INFO - 
Kannada Sample 1:
2025-03-08 03:30:50,468 - __main__ - INFO - Original: ಒಬ್ಬ ಹೆಣ್ಣು ಮಗಳು ಸೂಳೆ ಅನ್ನಿಸಿಕೊಂಡರೆ ಅದಕ್ಕೆ ಕಾರಣ ಯಾರು?
2025-03-08 03:30:50,468 - __main__ - INFO - Tokens: ['▁ಒಬ್ಬ', '▁ಹೆಣ್ಣು', '▁ಮಗಳು', '▁ಸೂ', 'ಳೆ', '▁ಅನ್ನ', 'ಿಸಿಕೊಂಡ', 'ರೆ', '▁ಅದಕ್ಕೆ', '▁ಕಾರಣ', '▁ಯಾರು', '?']
2025-03-08 03:30:50,468 - __main__ - INFO - # Tokens: 12
2025-03-08 03:30:50,468 - __main__ - INFO - # original: 53
2025-03-08 03:30:50,468 - __main__ - INFO - 
Kannada Sample 2:
2025-03-08 03:30:50,468 - __main__ - INFO - Original: ದಕ್ಷಿಣ ಭಾರತದಲ್ಲಿ ವಿಜಯನಗರ ಸಾಮ್ರಾಜ್ಯ ಅಸ್ತಿತ್ವದಲ್ಲಿತ್ತು.
2025-03-08 03:30:50,468 - __main__ - INFO - Tokens: ['▁ದಕ್ಷಿಣ', '▁ಭಾರತದಲ್ಲಿ', '▁ವಿಜಯನಗರ', '▁ಸಾಮ್ರಾಜ್ಯ', '▁ಅಸ್ತಿತ್ವ', 'ದಲ್ಲಿ', 'ತ್ತು', '.']
2025-03-08 03:30:50,468 - __main__ - INFO - # Tokens: 8
2025-03-08 03:30:50,468 - __main__ - INFO - # original: 53
2025-03-08 03:30:50,469 - __main__ - INFO - 
Kannada Sample 3:
2025-03-08 03:30:50,469 - __main__ - INFO - Original: ಆದರೆ ಕೆಲವೊಂದು ಸಮೀಕ್ಷೆಯ ಪ್ರಕಾರ ಮಹಿಳೆಯು ಈ ಕ್ರಿಯೆಯ ಬಳಿಕ ಮುದ್ದಾಡುವುದನ್ನು ಬಯಸುತ್ತಾಳಂತೆ.
2025-03-08 03:30:50,469 - __main__ - INFO - Tokens: ['▁ಆದರೆ', '▁ಕೆಲವೊಂದು', '▁ಸಮೀಕ್ಷೆ', 'ಯ', '▁ಪ್ರಕಾರ', '▁ಮಹಿಳೆಯ', 'ು', '▁ಈ', '▁ಕ್ರಿಯೆ', 'ಯ', '▁ಬಳಿಕ', '▁ಮುದ್ದ', 'ಾಡ', 'ುವುದನ್ನು', '▁ಬಯಸ', 'ುತ್ತಾ', 'ಳ', 'ಂತೆ', '.']
2025-03-08 03:30:50,469 - __main__ - INFO - # Tokens: 19
2025-03-08 03:30:50,469 - __main__ - INFO - # original: 82
2025-03-08 03:30:50,469 - __main__ - INFO - 
Kannada Sample 4:
2025-03-08 03:30:50,469 - __main__ - INFO - Original: ಕಳೆದ ತಿಂಗಳು ನಡೆದಿದ್ದ ಆರ್ಬಿಐ ನಿರ್ದೇಶಕ ಮಂಡಳಿ...
2025-03-08 03:30:50,469 - __main__ - INFO - Tokens: ['▁ಕಳೆದ', '▁ತಿಂಗಳು', '▁ನಡೆದ', 'ಿದ್ದ', '▁ಆರ್ಬಿಐ', '▁ನಿರ್ದೇಶಕ', '▁ಮಂಡಳಿ', '...']
2025-03-08 03:30:50,469 - __main__ - INFO - # Tokens: 8
2025-03-08 03:30:50,469 - __main__ - INFO - # original: 45
2025-03-08 03:30:50,469 - __main__ - INFO - 
Kannada Sample 5:
2025-03-08 03:30:50,469 - __main__ - INFO - Original: ಅವರ ಹಾಡುಗಳು ಅನೇಕ ಸಂಯೋಜಿತ ಮತ್ತು ಉತ್ತಮ ಸಾಹಿತ್ಯಗಳನ್ನು ಒಳಗೊಂಡಿವೆ.
2025-03-08 03:30:50,469 - __main__ - INFO - Tokens: ['▁ಅವರ', '▁ಹಾಡುಗಳು', '▁ಅನೇಕ', '▁ಸಂಯೋಜಿತ', '▁ಮತ್ತು', '▁ಉತ್ತಮ', '▁ಸಾಹಿತ್ಯ', 'ಗಳನ್ನು', '▁ಒಳಗೊಂಡ', 'ಿವೆ', '.']
2025-03-08 03:30:50,469 - __main__ - INFO - # Tokens: 11
2025-03-08 03:30:50,469 - __main__ - INFO - # original: 61
2025-03-08 03:30:50,469 - __main__ - INFO - 
Kannada Sample 6:
2025-03-08 03:30:50,469 - __main__ - INFO - Original: ರಾಷ್ಟ್ರೀಯ ತರಬೇತುದಾರರಾದ ಜೇಸಿಐ ಸೆನೆಟರ್ ಪ್ರಮೋದ್ ಕುಮಾರ್ರವರು ತರಬೇತಿ ನೀಡಿದರು.
2025-03-08 03:30:50,469 - __main__ - INFO - Tokens: ['▁ರಾಷ್ಟ್ರೀಯ', '▁ತರಬೇತುದಾರ', 'ರಾದ', '▁ಜೇ', 'ಸಿಐ', '▁ಸೆ', 'ನೆ', 'ಟರ್', '▁ಪ್ರಮೋದ್', '▁ಕುಮಾರ್', 'ರವರು', '▁ತರಬೇತಿ', '▁ನೀಡಿದರು', '.']
2025-03-08 03:30:50,469 - __main__ - INFO - # Tokens: 14
2025-03-08 03:30:50,470 - __main__ - INFO - # original: 71
2025-03-08 03:30:50,470 - __main__ - INFO - 
Kannada Sample 7:
2025-03-08 03:30:50,470 - __main__ - INFO - Original: ದೇಶವನ್ನು ಆಳುತ್ತಿದ್ದ ಬ್ರಿಟಿಷರ ಸೇವೆಮಾಡಲು ಅಗತ್ಯವೆನಿಸಿದ್ದ ವಿದ್ಯಾಭ್ಯಾಸ ಪದ್ಧತಿ ರೂಢಿಯಲ್ಲಿತ್ತು.
2025-03-08 03:30:50,470 - __main__ - INFO - Tokens: ['▁ದೇಶವನ್ನು', '▁ಆಳ', 'ುತ್ತಿದ್ದ', '▁ಬ್ರಿಟಿಷರ', '▁ಸೇವೆ', 'ಮಾಡ', 'ಲು', '▁ಅಗತ್ಯ', 'ವೆನಿಸ', 'ಿದ್ದ', '▁ವಿದ್ಯಾಭ್ಯಾಸ', '▁ಪದ್ಧತಿ', '▁ರೂಢಿ', 'ಯಲ್ಲಿ', 'ತ್ತು', '.']
2025-03-08 03:30:50,470 - __main__ - INFO - # Tokens: 16
2025-03-08 03:30:50,470 - __main__ - INFO - # original: 87
2025-03-08 03:30:50,470 - __main__ - INFO - 
Kannada Sample 8:
2025-03-08 03:30:50,470 - __main__ - INFO - Original: ಗ್ರಾಮ ವಾಸ್ತವ್ಯಕ್ಕೆ ಜಿಲ್ಲೆಗೆ ಬಂದಿದ್ದ ಸಿಎಂಗೆ ಟಿಯುಸಿಐ ಸಂಘಟನೆ ನೇತೃತ್ವದಲ್ಲಿ ವಿವಿಧ ಕಾರ್ಮಿಕರು ಮನವಿ ಸಲ್ಲಿಸಲು...
2025-03-08 03:30:50,470 - __main__ - INFO - Tokens: ['▁ಗ್ರಾಮ', '▁ವಾಸ್ತವ್ಯ', 'ಕ್ಕೆ', '▁ಜಿಲ್ಲೆಗೆ', '▁ಬಂದಿದ್ದ', '▁ಸಿಎಂ', 'ಗೆ', '▁ಟಿ', 'ಯು', 'ಸಿಐ', '▁ಸಂಘಟನೆ', '▁ನೇತೃತ್ವದಲ್ಲಿ', '▁ವಿವಿಧ', '▁ಕಾರ್ಮಿಕರು', '▁ಮನವಿ', '▁ಸಲ್ಲಿಸಲು', '...']
2025-03-08 03:30:50,470 - __main__ - INFO - # Tokens: 17
2025-03-08 03:30:50,470 - __main__ - INFO - # original: 103
2025-03-08 03:30:50,470 - __main__ - INFO - 
Kannada Sample 9:
2025-03-08 03:30:50,470 - __main__ - INFO - Original: ಹೀಗಾಗಿ ಯಾರಿಗೆ ಸಚಿವ ಸ್ಥಾನಗಳನ್ನು ನೀಡುತ್ತಾರೆ ಎಂಬುದು ಮಾತ್ರ ಮುಂದಿನ ದಿನಗಳಲ್ಲಿ ಗೊತ್ತಾಗಬೇಕಿದೆ.
2025-03-08 03:30:50,470 - __main__ - INFO - Tokens: ['▁ಹೀಗಾಗಿ', '▁ಯಾರಿಗೆ', '▁ಸಚಿವ', '▁ಸ್ಥಾನಗಳನ್ನು', '▁ನೀಡುತ್ತಾರೆ', '▁ಎಂಬುದು', '▁ಮಾತ್ರ', '▁ಮುಂದಿನ', '▁ದಿನಗಳಲ್ಲಿ', '▁ಗೊತ್ತಾಗ', 'ಬೇಕಿದೆ', '.']
2025-03-08 03:30:50,471 - __main__ - INFO - # Tokens: 12
2025-03-08 03:30:50,471 - __main__ - INFO - # original: 86
2025-03-08 03:30:50,471 - __main__ - INFO - 
Kannada Sample 10:
2025-03-08 03:30:50,471 - __main__ - INFO - Original: ಕನ್ನಡದಲ್ಲಿ ಈ ಮೊದಲೂ ವೆಬ್ ಸೀರೀಸ್ (ವೆಬ್ಸೈಟ್ ಮೂಲಕ ಪ್ರಸಾರವಾಗುವ ಕಾರ್ಯಕ್ರಮ) ರೂಪಿಸುವ ಕೆಲಸ ಆಗಿತ್ತಂತೆ.
2025-03-08 03:30:50,471 - __main__ - INFO - Tokens: ['▁ಕನ್ನಡದಲ್ಲಿ', '▁ಈ', '▁ಮೊದಲ', 'ೂ', '▁ವೆಬ್', '▁ಸೀ', 'ರೀ', 'ಸ್', '▁(', 'ವೆ', 'ಬ್', 'ಸೈ', 'ಟ್', '▁ಮೂಲಕ', '▁ಪ್ರಸಾರ', 'ವಾಗುವ', '▁ಕಾರ್ಯಕ್ರಮ', ')', '▁ರೂಪಿಸುವ', '▁ಕೆಲಸ']...
2025-03-08 03:30:50,471 - __main__ - INFO - # Tokens: 24
2025-03-08 03:30:50,471 - __main__ - INFO - # original: 92
2025-03-08 03:30:50,471 - __main__ - INFO - Testing on Malayalam samples:
2025-03-08 03:30:50,473 - __main__ - INFO - 
Malayalam Sample 1:
2025-03-08 03:30:50,473 - __main__ - INFO - Original: സൗമ്യയുടെ മാതാപിതാക്കളായ കുഞ്ഞിക്കണ്ണൻ, കമല എന്നിവരും സൗമ്യയുടെ രണ്ടാമത്തെ മകൾ ഐശ്വര്യയും ദുരൂഹസാഹചര...
2025-03-08 03:30:50,473 - __main__ - INFO - Tokens: ['▁സൗമ്യ', 'യുടെ', '▁മാതാപിതാക്കള', 'ായ', '▁കുഞ്ഞി', 'ക്കണ്ണ', 'ൻ', ',', '▁കമല', '▁എന്നിവരും', '▁സൗമ്യ', 'യുടെ', '▁രണ്ടാമത്തെ', '▁മകൾ', '▁ഐശ്വര്യ', 'യും', '▁ദുരൂഹ', 'സാഹ', 'ചര', '...']
2025-03-08 03:30:50,473 - __main__ - INFO - # Tokens: 20
2025-03-08 03:30:50,473 - __main__ - INFO - # original: 103
2025-03-08 03:30:50,473 - __main__ - INFO - 
Malayalam Sample 2:
2025-03-08 03:30:50,473 - __main__ - INFO - Original: ജേക്കബ് തോമസിന് ഹൈക്കോടതിയുടെ രൂക്ഷ വിമര്ശനം.
2025-03-08 03:30:50,473 - __main__ - INFO - Tokens: ['▁ജേക്കബ്', '▁തോമസ', 'ിന്', '▁ഹൈക്കോടതിയുടെ', '▁രൂക്ഷ', '▁വിമര്ശനം', '.']
2025-03-08 03:30:50,473 - __main__ - INFO - # Tokens: 7
2025-03-08 03:30:50,473 - __main__ - INFO - # original: 45
2025-03-08 03:30:50,473 - __main__ - INFO - 
Malayalam Sample 3:
2025-03-08 03:30:50,473 - __main__ - INFO - Original: തങ്ങളുടെ പ്ലാറ്റ്ഫോമില് നിന്ന് വ്യാജവാര്ത്തകളെ പരമാവധി ഒഴിവാക്കി നിർത്തുമെന്നും കമ്പനി പറഞ്ഞു.
2025-03-08 03:30:50,474 - __main__ - INFO - Tokens: ['▁തങ്ങളുടെ', '▁പ്ലാറ്റ്ഫോമ', 'ില്', '▁നിന്ന്', '▁വ്യാജ', 'വാര്ത്ത', 'കളെ', '▁പരമാവധി', '▁ഒഴിവാക്കി', '▁നിർത്ത', 'ുമെന്നും', '▁കമ്പനി', '▁പറഞ്ഞു', '.']
2025-03-08 03:30:50,474 - __main__ - INFO - # Tokens: 14
2025-03-08 03:30:50,474 - __main__ - INFO - # original: 94
2025-03-08 03:30:50,474 - __main__ - INFO - 
Malayalam Sample 4:
2025-03-08 03:30:50,474 - __main__ - INFO - Original: സമൂഹത്തില് പിടിച്ചുനില്ക്കണമെങ്കില് അറിവ് വേണം.
2025-03-08 03:30:50,474 - __main__ - INFO - Tokens: ['▁സമൂഹത്തില്', '▁പിടിച്ച', 'ുനില്ക്ക', 'ണമെങ്കില്', '▁അറിവ്', '▁വേണം', '.']
2025-03-08 03:30:50,474 - __main__ - INFO - # Tokens: 7
2025-03-08 03:30:50,474 - __main__ - INFO - # original: 47
2025-03-08 03:30:50,474 - __main__ - INFO - 
Malayalam Sample 5:
2025-03-08 03:30:50,474 - __main__ - INFO - Original: ഭൂപരിഷ്കരണം, വിദ്യാഭ്യാസത്തിന്റെയും ആരോഗ്യ സംരക്ഷണത്തിന്റെയും വ്യാപനം, വികേന്ദ്രീകൃതാസൂത്രണം, പെന്ഷന...
2025-03-08 03:30:50,474 - __main__ - INFO - Tokens: ['▁ഭൂ', 'പരിഷ്കരണ', 'ം', ',', '▁വിദ്യാഭ്യാസ', 'ത്തിന്റെയും', '▁ആരോഗ്യ', '▁സംരക്ഷണ', 'ത്തിന്റെയും', '▁വ്യാപ', 'നം', ',', '▁വി', 'കേന്ദ്രീകൃത', 'ാ', 'സൂത്ര', 'ണം', ',', '▁പെ', 'ന്']...
2025-03-08 03:30:50,474 - __main__ - INFO - # Tokens: 22
2025-03-08 03:30:50,474 - __main__ - INFO - # original: 103
2025-03-08 03:30:50,474 - __main__ - INFO - 
Malayalam Sample 6:
2025-03-08 03:30:50,474 - __main__ - INFO - Original: ഇതിന്റെ തുടർച്ചയെന്നോണം ഉപയോക്താക്കളെ അസിസ്റ്റന്റുമായി കൂടുതൽ ബന്ധിപ്പിക്കാനാണ്  പുതിയ സംവിധാനത്തിലൂ...
2025-03-08 03:30:50,474 - __main__ - INFO - Tokens: ['▁ഇതിന്റെ', '▁തുടർ', 'ച്ച', 'യെന്ന', 'ോ', 'ണം', '▁ഉപയോക്താക്കള', 'െ', '▁അസി', 'സ്റ്റ', 'ന്റ', 'ുമായി', '▁കൂടുതൽ', '▁ബന്ധിപ്പിക്ക', 'ാനാണ്', '▁പുതിയ', '▁സംവിധാന', 'ത്തില', 'ൂ', '...']
2025-03-08 03:30:50,475 - __main__ - INFO - # Tokens: 20
2025-03-08 03:30:50,475 - __main__ - INFO - # original: 103
2025-03-08 03:30:50,475 - __main__ - INFO - 
Malayalam Sample 7:
2025-03-08 03:30:50,475 - __main__ - INFO - Original: രുചികരമായ ഭവനങ്ങളിൽ അരകപ്പ് കുക്കികൾ പാചകം ചെയ്യുന്നത് വളരെ നല്ലതാണ് - ഇത് വളരെ ബുദ്ധിമുട്ടുള്ള കാര്...
2025-03-08 03:30:50,475 - __main__ - INFO - Tokens: ['▁രുചികരമായ', '▁ഭവന', 'ങ്ങളിൽ', '▁അര', 'ക', 'പ്പ്', '▁കു', 'ക്കി', 'കൾ', '▁പാചകം', '▁ചെയ്യുന്നത്', '▁വളരെ', '▁നല്ലതാണ്', '▁-', '▁ഇത്', '▁വളരെ', '▁ബുദ്ധിമുട്ടുള്ള', '▁കാര്', '...']
2025-03-08 03:30:50,475 - __main__ - INFO - # Tokens: 19
2025-03-08 03:30:50,475 - __main__ - INFO - # original: 103
2025-03-08 03:30:50,475 - __main__ - INFO - 
Malayalam Sample 8:
2025-03-08 03:30:50,475 - __main__ - INFO - Original: ഉള്ളതൊക്കെ പരസ്പരം മത്സരിച്ച് കുറേപ്പേര്കൂടി നശിപ്പിക്കുകയും ചെയ്തു.
2025-03-08 03:30:50,475 - __main__ - INFO - Tokens: ['▁ഉള്ള', 'തൊക്കെ', '▁പരസ്പരം', '▁മത്സരിച്ച', '്', '▁കുറേ', 'പ്പേര', '്', 'കൂടി', '▁നശിപ്പിക്ക', 'ുകയും', '▁ചെയ്തു', '.']
2025-03-08 03:30:50,475 - __main__ - INFO - # Tokens: 13
2025-03-08 03:30:50,475 - __main__ - INFO - # original: 68
2025-03-08 03:30:50,475 - __main__ - INFO - 
Malayalam Sample 9:
2025-03-08 03:30:50,476 - __main__ - INFO - Original: ധിരുബായി അമ്പാനി മരിച്ചപ്പോള് ഉണ്ടായ കുടുംബ വഴക്കിനെ തുടര്ന്ന് മുകേഷ് അമ്പാനിക്ക് സഹോദരന് നല്കണ്ട വന...
2025-03-08 03:30:50,476 - __main__ - INFO - Tokens: ['▁', 'ധി', 'രു', 'ബ', 'ായി', '▁അമ്പ', 'ാനി', '▁മരിച്ച', 'പ്പോള്', '▁ഉണ്ടായ', '▁കുടുംബ', '▁വഴക്ക', 'ിനെ', '▁തുടര്ന്ന്', '▁മുകേഷ്', '▁അമ്പ', 'ാനി', 'ക്ക്', '▁സഹോദരന്', '▁നല്ക']...
2025-03-08 03:30:50,476 - __main__ - INFO - # Tokens: 23
2025-03-08 03:30:50,476 - __main__ - INFO - # original: 103
2025-03-08 03:30:50,476 - __main__ - INFO - 
Malayalam Sample 10:
2025-03-08 03:30:50,476 - __main__ - INFO - Original: ഗെയിംസ് നടത്തിപ്പില് സംസ്ഥാന സര്ക്കാരിനെ നരേന്ദ്ര മോദി അഭിനന്ദിച്ചതിനെക്കുറിച്ച് പ്രതികരിക്കാന് സുധീ...
2025-03-08 03:30:50,476 - __main__ - INFO - Tokens: ['▁ഗെയിംസ', '്', '▁നടത്തിപ്പ', 'ില്', '▁സംസ്ഥാന', '▁സര്ക്കാരിനെ', '▁നരേന്ദ്ര', '▁മോദി', '▁അഭിനന്ദ', 'ിച്ച', 'തിനെക്കുറിച്ച്', '▁പ്രതികരിക്ക', 'ാന്', '▁സുധീ', '...']
2025-03-08 03:30:50,476 - __main__ - INFO - # Tokens: 15
2025-03-08 03:30:50,476 - __main__ - INFO - # original: 103
2025-03-08 03:30:50,476 - __main__ - INFO - Testing on Gujarati samples:
2025-03-08 03:30:50,478 - __main__ - INFO - 
Gujarati Sample 1:
2025-03-08 03:30:50,478 - __main__ - INFO - Original: ઉરી હુમલા પછી ભારતીય સેના તરફથી સર્જિકલ સ્ટ્રાઇક કરવામાં આવી. આ ખૂબ જ ખતરનાક મિશનને સફળતા પૂર્વક પાર...
2025-03-08 03:30:50,479 - __main__ - INFO - Tokens: ['▁ઉ', 'રી', '▁હુમલા', '▁પછી', '▁ભારતીય', '▁સેના', '▁તરફથી', '▁સર્જિકલ', '▁સ્ટ્રાઇક', '▁કરવામાં', '▁આવી', '.', '▁આ', '▁ખૂબ', '▁જ', '▁ખતરનાક', '▁મિશન', 'ને', '▁સફળતા', '▁']...
2025-03-08 03:30:50,479 - __main__ - INFO - # Tokens: 23
2025-03-08 03:30:50,479 - __main__ - INFO - # original: 103
2025-03-08 03:30:50,479 - __main__ - INFO - 
Gujarati Sample 2:
2025-03-08 03:30:50,479 - __main__ - INFO - Original: ફેસબુક પર મોવડીમંડળને વિનવણી કરીને હોદ્દેથી મુક્ત કરવાનો સંદેશ આપીને અમારા જેવાને રીતસર આંચકો આપતાં ...
2025-03-08 03:30:50,479 - __main__ - INFO - Tokens: ['▁ફેસબુક', '▁પર', '▁મો', 'વડી', 'મંડળ', 'ને', '▁', 'વિન', 'વણી', '▁કરીને', '▁હો', 'દ્દ', 'ે', 'થી', '▁મુક્ત', '▁કરવાનો', '▁સંદેશ', '▁આપીને', '▁અમારા', '▁જેવા']...
2025-03-08 03:30:50,479 - __main__ - INFO - # Tokens: 28
2025-03-08 03:30:50,479 - __main__ - INFO - # original: 103
2025-03-08 03:30:50,479 - __main__ - INFO - 
Gujarati Sample 3:
2025-03-08 03:30:50,479 - __main__ - INFO - Original: શિયાળાની ઠંડી હોય તો મોટાભાગના લોકોને શરદી, ઉધરસ અને છીંક આવવાની તકલીફ હોય છે.
2025-03-08 03:30:50,479 - __main__ - INFO - Tokens: ['▁શિયાળા', 'ની', '▁ઠંડી', '▁હોય', '▁તો', '▁મોટાભાગના', '▁લોકોને', '▁શરદ', 'ી', ',', '▁ઉધરસ', '▁અને', '▁છ', 'ી', 'ંક', '▁આવવા', 'ની', '▁તકલીફ', '▁હોય', '▁છે']...
2025-03-08 03:30:50,479 - __main__ - INFO - # Tokens: 21
2025-03-08 03:30:50,479 - __main__ - INFO - # original: 78
2025-03-08 03:30:50,479 - __main__ - INFO - 
Gujarati Sample 4:
2025-03-08 03:30:50,479 - __main__ - INFO - Original: જેના કારણે તેની માઇલેજ વર્તમાન વેગન આરની જેમ 20kmplની આસપાસ જ રહેશે.
2025-03-08 03:30:50,480 - __main__ - INFO - Tokens: ['▁જેના', '▁કારણે', '▁તેની', '▁માઇ', 'લેજ', '▁વર્તમાન', '▁વેગ', 'ન', '▁આર', 'ની', '▁જેમ', '▁', '2', '0', 'k', 'mp', 'l', 'ની', '▁આસપાસ', '▁જ']...
2025-03-08 03:30:50,480 - __main__ - INFO - # Tokens: 22
2025-03-08 03:30:50,480 - __main__ - INFO - # original: 68
2025-03-08 03:30:50,480 - __main__ - INFO - 
Gujarati Sample 5:
2025-03-08 03:30:50,480 - __main__ - INFO - Original: ઈન્ડિયન આઈડલ 11ના આગામી એપિસોડમાં ઉદિત નારાયણ અને અલકા યાજ્ઞિક મહેમાન બનશે.
2025-03-08 03:30:50,480 - __main__ - INFO - Tokens: ['▁ઈન્ડિયન', '▁આઈ', 'ડલ', '▁', '1', '1', 'ના', '▁આગામી', '▁એપિસોડ', 'માં', '▁ઉ', 'દ', 'િત', '▁', 'નારાયણ', '▁અને', '▁અલ', 'કા', '▁યા', 'જ્ઞ']...
2025-03-08 03:30:50,480 - __main__ - INFO - # Tokens: 24
2025-03-08 03:30:50,480 - __main__ - INFO - # original: 75
2025-03-08 03:30:50,480 - __main__ - INFO - 
Gujarati Sample 6:
2025-03-08 03:30:50,480 - __main__ - INFO - Original: પ્રકાશ અથવા લાઇટ: ખોરાકને 'પ્રકાશ' ગણી શકાય તે માટે તે એક જ ઉત્પાદનના નિયમિત સંસ્કરણના 1/3 ઓછા કેલરી...
2025-03-08 03:30:50,480 - __main__ - INFO - Tokens: ['▁પ્રકાશ', '▁અથવા', '▁લાઇટ', ':', '▁ખોરાક', 'ને', "▁'", 'પ્રકાશ', "'", '▁ગણી', '▁શકાય', '▁તે', '▁માટે', '▁તે', '▁એક', '▁જ', '▁ઉત્પાદન', 'ના', '▁નિયમિત', '▁સંસ્કરણ']...
2025-03-08 03:30:50,480 - __main__ - INFO - # Tokens: 28
2025-03-08 03:30:50,480 - __main__ - INFO - # original: 103
2025-03-08 03:30:50,480 - __main__ - INFO - 
Gujarati Sample 7:
2025-03-08 03:30:50,480 - __main__ - INFO - Original: જેમાંથી વધુમાં વધુ બેઠક હાંસલ કરવા ભાજપ-કોંગ્રેસ સહિતના પક્ષો પ્રયત્નશીલ છે.
2025-03-08 03:30:50,481 - __main__ - INFO - Tokens: ['▁જે', 'માંથી', '▁વધુમાં', '▁વધુ', '▁બેઠક', '▁હાંસલ', '▁કરવા', '▁ભાજપ', '-', 'કો', 'ં', 'ગ્રેસ', '▁સહિતના', '▁પક્ષો', '▁પ્રયત્ન', 'શીલ', '▁છે', '.']
2025-03-08 03:30:50,481 - __main__ - INFO - # Tokens: 18
2025-03-08 03:30:50,481 - __main__ - INFO - # original: 76
2025-03-08 03:30:50,481 - __main__ - INFO - 
Gujarati Sample 8:
2025-03-08 03:30:50,481 - __main__ - INFO - Original: વેબ ડીઝાઇનની કિંમત કેટલી હશે?
2025-03-08 03:30:50,481 - __main__ - INFO - Tokens: ['▁વેબ', '▁ડી', 'ઝા', 'ઇન', 'ની', '▁કિંમત', '▁કેટલી', '▁હશે', '?']
2025-03-08 03:30:50,481 - __main__ - INFO - # Tokens: 9
2025-03-08 03:30:50,481 - __main__ - INFO - # original: 29
2025-03-08 03:30:50,481 - __main__ - INFO - 
Gujarati Sample 9:
2025-03-08 03:30:50,481 - __main__ - INFO - Original: શકીલ કંસ્ટ્રક્શન ઈંડસ્ટ્રીઝમાં બિઝનેસ મેન છે.
2025-03-08 03:30:50,481 - __main__ - INFO - Tokens: ['▁શકી', 'લ', '▁કં', 'સ્ટ્ર', 'ક્શન', '▁ઈ', 'ંડ', 'સ્ટ્રી', 'ઝ', 'માં', '▁બિઝનેસ', '▁', 'મેન', '▁છે', '.']
2025-03-08 03:30:50,481 - __main__ - INFO - # Tokens: 15
2025-03-08 03:30:50,481 - __main__ - INFO - # original: 45
2025-03-08 03:30:50,481 - __main__ - INFO - 
Gujarati Sample 10:
2025-03-08 03:30:50,481 - __main__ - INFO - Original: અર્થાત્ ભગવાન શ્રીકૃષ્ણ પુરુષોત્તમનો અવતાર છે.
2025-03-08 03:30:50,481 - __main__ - INFO - Tokens: ['▁અર્થ', 'ા', 'ત્', '▁ભગવાન', '▁શ્રી', 'કૃષ્ણ', '▁પુરુષો', 'ત્ત', 'મ', 'નો', '▁અવતાર', '▁છે', '.']
2025-03-08 03:30:50,481 - __main__ - INFO - # Tokens: 13
2025-03-08 03:30:50,481 - __main__ - INFO - # original: 46
