2025-03-01 19:11:31,103 - __main__ - INFO - Preparing training data from 6 files
2025-03-01 19:11:31,103 - __main__ - INFO - Target samples for Hindi: 1584919
2025-03-01 19:11:31,103 - __main__ - INFO - Target samples for Gujarati: 2104685
2025-03-01 19:11:31,103 - __main__ - INFO - Target samples for Kannada: 2635431
2025-03-01 19:11:31,103 - __main__ - INFO - Target samples for Marathi: 1138360
2025-03-01 19:11:31,103 - __main__ - INFO - Target samples for Malayalam: 2079062
2025-03-01 19:11:31,103 - __main__ - INFO - Target samples for Odia: 457540
2025-03-01 19:11:31,965 - __main__ - INFO - Processing ../../txt_data/mar.txt with 6393165 lines
2025-03-01 19:11:37,670 - __main__ - INFO - Sampled 1138360 lines from Marathi
2025-03-01 19:11:39,721 - __main__ - INFO - Processing ../../txt_data/kannada.txt with 8871055 lines
2025-03-01 19:11:50,037 - __main__ - INFO - Sampled 2635431 lines from Kannada
2025-03-01 19:11:51,186 - __main__ - INFO - Processing ../../txt_data/Hindi.txt with 6644667 lines
2025-03-01 19:11:58,035 - __main__ - INFO - Sampled 1584919 lines from Hindi
2025-03-01 19:11:59,634 - __main__ - INFO - Processing ../../txt_data/mlym.txt with 8818241 lines
2025-03-01 19:12:08,563 - __main__ - INFO - Sampled 2079062 lines from Malayalam
2025-03-01 19:12:08,916 - __main__ - INFO - Processing ../../txt_data/orya.txt with 2382568 lines
2025-03-01 19:12:11,119 - __main__ - INFO - Sampled 457540 lines from Odia
2025-03-01 19:12:12,648 - __main__ - INFO - Processing ../../txt_data/gujrati.txt with 7090253 lines
2025-03-01 19:12:20,553 - __main__ - INFO - Sampled 2104685 lines from Gujarati
2025-03-01 19:12:20,553 - __main__ - INFO - Combined training data created at indic_tokenizer_100M_combined.txt
2025-03-01 19:12:20,627 - __main__ - INFO - Training tokenizer with parameters: {'input': 'indic_tokenizer_100M_combined.txt', 'model_prefix': 'indic_tokenizer_100M', 'vocab_size': 50304, 'model_type': 'unigram', 'character_coverage': 0.9995, 'input_sentence_size': 10000000, 'shuffle_input_sentence': 'true', 'normalization_rule_name': 'nmt_nfkc_cf', 'num_threads': 4, 'split_by_whitespace': 'true', 'split_by_number': 'true', 'split_digits': 'true', 'treat_whitespace_as_suffix': 'false', 'user_defined_symbols': '<pad>,<s>,</s>,<mask>', 'unk_id': 3, 'bos_id': 1, 'eos_id': 2, 'pad_id': 0, 'max_sentence_length': 4192}
2025-03-01 19:26:39,196 - __main__ - INFO - Training completed successfully. Model saved to indic_tokenizer_100M.model
2025-03-01 19:26:39,198 - __main__ - INFO - Took 908.095291852951 seconds for proccessing 10000000 sentences.
2025-03-01 19:26:39,273 - __main__ - INFO - Loaded model with vocabulary size: 50304
2025-03-01 19:26:39,273 - __main__ - INFO - Testing on Marathi samples:
2025-03-01 19:26:39,276 - __main__ - INFO - 
Marathi Sample 1:
2025-03-01 19:26:39,276 - __main__ - INFO - Original: (१) या भागाचे प्रदान केलेले हक्क बजावण्याकरता समुचित कार्यवाहीद्वारे सर्वोच्च न्यायालयास अर्ज विनंती...
2025-03-01 19:26:39,276 - __main__ - INFO - Tokens: ['▁(', '१', ')', '▁या', '▁भाग', 'ाचे', '▁प्रदान', '▁केलेले', '▁हक्क', '▁बजा', 'व', 'ण्या', 'कर', 'ता', '▁समु', 'चित', '▁कार्यवाही', 'द्वारे', '▁सर्वोच्च', '▁न्यायालय']...
2025-03-01 19:26:39,276 - __main__ - INFO - # Tokens: 26
2025-03-01 19:26:39,276 - __main__ - INFO - 
Marathi Sample 2:
2025-03-01 19:26:39,276 - __main__ - INFO - Original: """त्यांचं म्हणणं होतं की त्यांना आधी सांगितलं का नाही?"
2025-03-01 19:26:39,276 - __main__ - INFO - Tokens: ['▁"""', 'त्य', 'ांचं', '▁म्हण', 'णं', '▁होतं', '▁की', '▁त्यांना', '▁आधी', '▁सांगितलं', '▁का', '▁नाही', '?"']
2025-03-01 19:26:39,276 - __main__ - INFO - # Tokens: 13
2025-03-01 19:26:39,276 - __main__ - INFO - 
Marathi Sample 3:
2025-03-01 19:26:39,276 - __main__ - INFO - Original: """मला फक्त एक सामान्य जीवन जगायचं आहे, माझ्यासोबत असं का घडत आहे!"
2025-03-01 19:26:39,276 - __main__ - INFO - Tokens: ['▁"""', 'मला', '▁फक्त', '▁एक', '▁सामान्य', '▁जीवन', '▁जग', 'ायचं', '▁आहे', ',', '▁माझ्यासोबत', '▁असं', '▁का', '▁घडत', '▁आहे', '!"']
2025-03-01 19:26:39,276 - __main__ - INFO - # Tokens: 16
2025-03-01 19:26:39,276 - __main__ - INFO - 
Marathi Sample 4:
2025-03-01 19:26:39,276 - __main__ - INFO - Original: """काँग्रेसच्या प्रांताध्यांनी काय करावं हा त्यांचा अधिकार आहे."
2025-03-01 19:26:39,276 - __main__ - INFO - Tokens: ['▁"""', 'का', 'ँ', 'ग्रेस', 'च्या', '▁प्रांत', 'ा', 'ध', '्यांनी', '▁काय', '▁करावं', '▁हा', '▁त्यांचा', '▁अधिकार', '▁आहे', '."']
2025-03-01 19:26:39,276 - __main__ - INFO - # Tokens: 16
2025-03-01 19:26:39,276 - __main__ - INFO - 
Marathi Sample 5:
2025-03-01 19:26:39,276 - __main__ - INFO - Original: मनोरंजन पार्क (त्यापैकी बरेचजण इनडोअर) बहुतेक वेळा मॉल्स किंवा बीचवर आढळतात.
2025-03-01 19:26:39,276 - __main__ - INFO - Tokens: ['▁मनोरंजन', '▁पार्क', '▁(', 'त्या', 'पैकी', '▁बरेच', 'जण', '▁इन', 'डो', 'अर', ')', '▁बहुतेक', '▁वेळा', '▁मॉल', '्स', '▁किंवा', '▁बीच', 'वर', '▁आढळ', 'तात']...
2025-03-01 19:26:39,276 - __main__ - INFO - # Tokens: 21
2025-03-01 19:26:39,276 - __main__ - INFO - 
Marathi Sample 6:
2025-03-01 19:26:39,276 - __main__ - INFO - Original: . आईच्या मायेची .
2025-03-01 19:26:39,276 - __main__ - INFO - Tokens: ['▁', '.', '▁आई', 'च्या', '▁माय', 'े', 'ची', '▁', '.']
2025-03-01 19:26:39,276 - __main__ - INFO - # Tokens: 9
2025-03-01 19:26:39,276 - __main__ - INFO - 
Marathi Sample 7:
2025-03-01 19:26:39,276 - __main__ - INFO - Original: """तू येथे नव्हतास म्हणून."
2025-03-01 19:26:39,277 - __main__ - INFO - Tokens: ['▁"""', 'तू', '▁येथे', '▁नव्हता', 'स', '▁म्हणून', '."']
2025-03-01 19:26:39,277 - __main__ - INFO - # Tokens: 7
2025-03-01 19:26:39,277 - __main__ - INFO - 
Marathi Sample 8:
2025-03-01 19:26:39,277 - __main__ - INFO - Original: """बाबा, आजी आता मला मावळे आणून देणारे."
2025-03-01 19:26:39,277 - __main__ - INFO - Tokens: ['▁"""', 'बाबा', ',', '▁आज', 'ी', '▁आता', '▁मला', '▁मा', 'व', 'ळे', '▁आण', 'ून', '▁देणार', 'े', '."']
2025-03-01 19:26:39,277 - __main__ - INFO - # Tokens: 15
2025-03-01 19:26:39,277 - __main__ - INFO - 
Marathi Sample 9:
2025-03-01 19:26:39,277 - __main__ - INFO - Original: """आणि तो आपण गेल्यावर सापडला तर. . . """
2025-03-01 19:26:39,277 - __main__ - INFO - Tokens: ['▁"""', 'आणि', '▁तो', '▁आपण', '▁गेल्या', 'वर', '▁सापडला', '▁तर', '.', '▁', '.', '▁', '.', '▁"""']
2025-03-01 19:26:39,277 - __main__ - INFO - # Tokens: 14
2025-03-01 19:26:39,277 - __main__ - INFO - 
Marathi Sample 10:
2025-03-01 19:26:39,277 - __main__ - INFO - Original: 'मी हे केलं, मी ते केलं'.
2025-03-01 19:26:39,277 - __main__ - INFO - Tokens: ["▁'", 'मी', '▁हे', '▁केलं', ',', '▁मी', '▁ते', '▁केलं', "'", '.']
2025-03-01 19:26:39,277 - __main__ - INFO - # Tokens: 10
2025-03-01 19:26:39,277 - __main__ - INFO - Testing on Kannada samples:
2025-03-01 19:26:39,278 - __main__ - INFO - 
Kannada Sample 1:
2025-03-01 19:26:39,278 - __main__ - INFO - Original: """ "" ಈಗ ಬದಲಾಗಿದ್ದಾರೆ ಎಂದಿರಿ ನೀವು."
2025-03-01 19:26:39,278 - __main__ - INFO - Tokens: ['▁"""', '▁""', '▁ಈಗ', '▁ಬದಲಾಗ', 'ಿದ್ದಾರೆ', '▁ಎಂದ', 'ಿರಿ', '▁ನೀವು', '."']
2025-03-01 19:26:39,278 - __main__ - INFO - # Tokens: 9
2025-03-01 19:26:39,278 - __main__ - INFO - 
Kannada Sample 2:
2025-03-01 19:26:39,278 - __main__ - INFO - Original: """ಎಲ್ಲವೂ ನನಗೆ ಅನುಮತಿ"" -ಆದರೆ ಎಲ್ಲವೂ ಪ್ರಯೋಜನಕಾರಿಯಲ್ಲ."
2025-03-01 19:26:39,278 - __main__ - INFO - Tokens: ['▁"""', 'ಎಲ್ಲ', 'ವೂ', '▁ನನಗೆ', '▁ಅನುಮತಿ', '""', '▁-', 'ಆದರೆ', '▁ಎಲ್ಲವೂ', '▁ಪ್ರಯೋಜನಕಾರಿ', 'ಯಲ್ಲ', '."']
2025-03-01 19:26:39,278 - __main__ - INFO - # Tokens: 12
2025-03-01 19:26:39,278 - __main__ - INFO - 
Kannada Sample 3:
2025-03-01 19:26:39,278 - __main__ - INFO - Original: "ಹೌದು, ""ನಾವಿಬ್ಬರು ಸ್ನೇಹಿತರಲ್ಲ."
2025-03-01 19:26:39,278 - __main__ - INFO - Tokens: ['▁"', 'ಹೌದು', ',', '▁""', 'ನಾವ', 'ಿಬ್ಬರು', '▁ಸ್ನೇಹಿತರ', 'ಲ್ಲ', '."']
2025-03-01 19:26:39,278 - __main__ - INFO - # Tokens: 9
2025-03-01 19:26:39,278 - __main__ - INFO - 
Kannada Sample 4:
2025-03-01 19:26:39,278 - __main__ - INFO - Original: """ನಾನು ನಿಮಗಾಗಿ ಒಳ್ಳೆಯ ಯೋಜನೆಗಳನ್ನು ಹಾಕಿದ್ದೇನೆ."
2025-03-01 19:26:39,278 - __main__ - INFO - Tokens: ['▁"""', 'ನಾನು', '▁ನಿಮಗಾಗಿ', '▁ಒಳ್ಳೆಯ', '▁ಯೋಜನೆಗಳನ್ನು', '▁ಹಾಕ', 'ಿದ್ದೇನೆ', '."']
2025-03-01 19:26:39,278 - __main__ - INFO - # Tokens: 8
2025-03-01 19:26:39,278 - __main__ - INFO - 
Kannada Sample 5:
2025-03-01 19:26:39,278 - __main__ - INFO - Original: """ಅವ್ವಾ ನನ್ನನ್ಯಾಕೆ ಅಷ್ಟು ದೂರ ಕಳಸ್ತಿದ್ದಿÃರಿ?"
2025-03-01 19:26:39,278 - __main__ - INFO - Tokens: ['▁"""', 'ಅ', 'ವ್', 'ವಾ', '▁ನನ್ನ', 'ನ್ಯಾ', 'ಕೆ', '▁ಅಷ್ಟು', '▁ದೂರ', '▁ಕ', 'ಳ', 'ಸ್ತಿ', 'ದ್ದಿ', 'ã', 'ರಿ', '?"']
2025-03-01 19:26:39,278 - __main__ - INFO - # Tokens: 16
2025-03-01 19:26:39,278 - __main__ - INFO - 
Kannada Sample 6:
2025-03-01 19:26:39,278 - __main__ - INFO - Original: """ ಅದನ್ನು ನನಗೇಕೆ ಹೇಳುತ್ತೀರಿ?"
2025-03-01 19:26:39,278 - __main__ - INFO - Tokens: ['▁"""', '▁ಅದನ್ನು', '▁ನನಗೇ', 'ಕೆ', '▁ಹೇಳ', 'ುತ್ತೀರಿ', '?"']
2025-03-01 19:26:39,278 - __main__ - INFO - # Tokens: 7
2025-03-01 19:26:39,278 - __main__ - INFO - 
Kannada Sample 7:
2025-03-01 19:26:39,278 - __main__ - INFO - Original: " (ಅಂದರೆ ""ಚಿಕ್ಕ ಹುಡುಗಿಯೇ, ಎದ್ದೇಳು ಎಂದು ನಾನು ಹೇಳುತ್ತಿದ್ದೇನೆ"" ಎಂದರ್ಥ."
2025-03-01 19:26:39,278 - __main__ - INFO - Tokens: ['▁"', '▁(', 'ಅಂದರೆ', '▁""', 'ಚಿ', 'ಕ್ಕ', '▁ಹುಡುಗಿ', 'ಯೇ', ',', '▁ಎದ್ದೇಳ', 'ು', '▁ಎಂದು', '▁ನಾನು', '▁ಹೇಳ', 'ುತ್ತಿದ್ದೇನೆ', '""', '▁ಎಂದರ್ಥ', '."']
2025-03-01 19:26:39,278 - __main__ - INFO - # Tokens: 18
2025-03-01 19:26:39,278 - __main__ - INFO - 
Kannada Sample 8:
2025-03-01 19:26:39,278 - __main__ - INFO - Original: """ಬೈಸಿಕಲ್ನಲ್ಲಿ ನಾನು ವಯಸ್ಕರನ್ನು ನೋಡಿದಾಗ, ಮಾನವ ಜನಾಂಗದ ಭವಿಷ್ಯದ ಬಗ್ಗೆ ನನಗೆ ಹತಾಶೆ ಇರುವುದಿಲ್ಲ."
2025-03-01 19:26:39,278 - __main__ - INFO - Tokens: ['▁"""', 'ಬೈ', 'ಸಿ', 'ಕಲ್', 'ನಲ್ಲಿ', '▁ನಾನು', '▁ವಯಸ್ಕರ', 'ನ್ನು', '▁ನೋಡಿದಾಗ', ',', '▁ಮಾನವ', '▁ಜನಾಂಗದ', '▁ಭವಿಷ್ಯದ', '▁ಬಗ್ಗೆ', '▁ನನಗೆ', '▁ಹತಾಶೆ', '▁ಇರುವುದಿಲ್ಲ', '."']
2025-03-01 19:26:39,278 - __main__ - INFO - # Tokens: 18
2025-03-01 19:26:39,278 - __main__ - INFO - 
Kannada Sample 9:
2025-03-01 19:26:39,278 - __main__ - INFO - Original: """ದಿ ಹಿಸ್ಟರಿ ಆಫ್ ದಿ ಟೆಲಿಫೋನ್"": ಈ ಪುಸ್ತಕ, ಈಗ ಸಾರ್ವಜನಿಕ ಡೊಮೇನ್ನಲ್ಲಿ, 1910 ರಲ್ಲಿ ಬರೆಯಲ್ಪಟ್ಟಿತು."
2025-03-01 19:26:39,278 - __main__ - INFO - Tokens: ['▁"""', 'ದಿ', '▁ಹಿಸ್ಟರಿ', '▁ಆಫ್', '▁ದಿ', '▁ಟೆಲಿಫೋನ್', '""', ':', '▁ಈ', '▁ಪುಸ್ತಕ', ',', '▁ಈಗ', '▁ಸಾರ್ವಜನಿಕ', '▁ಡೊಮೇನ್', 'ನಲ್ಲಿ', ',', '▁', '1', '9', '1']...
2025-03-01 19:26:39,278 - __main__ - INFO - # Tokens: 25
2025-03-01 19:26:39,279 - __main__ - INFO - 
Kannada Sample 10:
2025-03-01 19:26:39,279 - __main__ - INFO - Original: """ಆದರೆ,"" (ದೇವರು) ""ನೀನು ನನ್ನ ಮುಖವನ್ನು ನೋಡುವದಿಲ್ಲ, ಯಾರೂ ನನ್ನನ್ನು ನೋಡುವುದಿಲ್ಲ ಮತ್ತು ಬದುಕಬಹುದು"" ಎಂದು...
2025-03-01 19:26:39,279 - __main__ - INFO - Tokens: ['▁"""', 'ಆದರೆ', ',""', '▁(', 'ದೇ', 'ವರು', ')', '▁""', 'ನೀನು', '▁ನನ್ನ', '▁ಮುಖವನ್ನು', '▁ನೋಡ', 'ುವದಿಲ್ಲ', ',', '▁ಯಾರೂ', '▁ನನ್ನನ್ನು', '▁ನೋಡುವುದಿಲ್ಲ', '▁ಮತ್ತು', '▁ಬದುಕ', 'ಬಹುದು']...
2025-03-01 19:26:39,279 - __main__ - INFO - # Tokens: 25
2025-03-01 19:26:39,279 - __main__ - INFO - Testing on Hindi samples:
2025-03-01 19:26:39,279 - __main__ - INFO - 
Hindi Sample 1:
2025-03-01 19:26:39,279 - __main__ - INFO - Original: """चारों ओर शरारती बच्चे हैं?"
2025-03-01 19:26:39,279 - __main__ - INFO - Tokens: ['▁"""', 'चार', 'ों', '▁ओर', '▁', 'शर', 'ार', 'ती', '▁बच्चे', '▁हैं', '?"']
2025-03-01 19:26:39,279 - __main__ - INFO - # Tokens: 11
2025-03-01 19:26:39,279 - __main__ - INFO - 
Hindi Sample 2:
2025-03-01 19:26:39,279 - __main__ - INFO - Original: """# खुशी हमारे लोगों का अधिकार है।"
2025-03-01 19:26:39,279 - __main__ - INFO - Tokens: ['▁"""', '#', '▁खुशी', '▁हमारे', '▁लोगों', '▁का', '▁अधिकार', '▁है', '।"']
2025-03-01 19:26:39,279 - __main__ - INFO - # Tokens: 9
2025-03-01 19:26:39,279 - __main__ - INFO - 
Hindi Sample 3:
2025-03-01 19:26:39,279 - __main__ - INFO - Original: """उन्होंने कहा था: 'पश्चिम में योग के प्रति गहरी रुचि पैदा होने के कारण मेरे देहत्याग के पचास वर्ष ...
2025-03-01 19:26:39,280 - __main__ - INFO - Tokens: ['▁"""', 'उन्होंने', '▁कहा', '▁था', ':', "▁'", 'पश्चिम', '▁में', '▁योग', '▁के', '▁प्रति', '▁गहरी', '▁रुचि', '▁पैदा', '▁होने', '▁के', '▁कारण', '▁मेरे', '▁देह', 'त्या']...
2025-03-01 19:26:39,280 - __main__ - INFO - # Tokens: 25
2025-03-01 19:26:39,280 - __main__ - INFO - 
Hindi Sample 4:
2025-03-01 19:26:39,280 - __main__ - INFO - Original: आज देश के कोने-कोने से
2025-03-01 19:26:39,280 - __main__ - INFO - Tokens: ['▁आज', '▁देश', '▁के', '▁को', 'ने', '-', 'को', 'ने', '▁से']
2025-03-01 19:26:39,280 - __main__ - INFO - # Tokens: 9
2025-03-01 19:26:39,280 - __main__ - INFO - 
Hindi Sample 5:
2025-03-01 19:26:39,280 - __main__ - INFO - Original: """ पासवर्ड क्या है ?"
2025-03-01 19:26:39,280 - __main__ - INFO - Tokens: ['▁"""', '▁पासवर्ड', '▁क्या', '▁है', '▁', '?"']
2025-03-01 19:26:39,280 - __main__ - INFO - # Tokens: 6
2025-03-01 19:26:39,280 - __main__ - INFO - 
Hindi Sample 6:
2025-03-01 19:26:39,280 - __main__ - INFO - Original: """तो बता ना. . फिर क्या बात है."
2025-03-01 19:26:39,280 - __main__ - INFO - Tokens: ['▁"""', 'तो', '▁बता', '▁ना', '.', '▁', '.', '▁फिर', '▁क्या', '▁बात', '▁है', '."']
2025-03-01 19:26:39,280 - __main__ - INFO - # Tokens: 12
2025-03-01 19:26:39,280 - __main__ - INFO - 
Hindi Sample 7:
2025-03-01 19:26:39,280 - __main__ - INFO - Original: """मेरी बाहों मेरे दिल के करीब लोगों तक नहीं पहुँच सकता जब, मैं हमेशा उनसे मेरी प्रार्थना के साथ गले...
2025-03-01 19:26:39,280 - __main__ - INFO - Tokens: ['▁"""', 'मेरी', '▁बा', 'ह', 'ों', '▁मेरे', '▁दिल', '▁के', '▁करीब', '▁लोगों', '▁तक', '▁नहीं', '▁पहुँच', '▁सकता', '▁जब', ',', '▁मैं', '▁हमेशा', '▁उनसे', '▁मेरी']...
2025-03-01 19:26:39,280 - __main__ - INFO - # Tokens: 28
2025-03-01 19:26:39,280 - __main__ - INFO - 
Hindi Sample 8:
2025-03-01 19:26:39,280 - __main__ - INFO - Original: लोगों का हिस्सा!
2025-03-01 19:26:39,280 - __main__ - INFO - Tokens: ['▁लोगों', '▁का', '▁हिस्सा', '!']
2025-03-01 19:26:39,280 - __main__ - INFO - # Tokens: 4
2025-03-01 19:26:39,280 - __main__ - INFO - 
Hindi Sample 9:
2025-03-01 19:26:39,280 - __main__ - INFO - Original: """आप कैसे हैं"" हाल पूछा."
2025-03-01 19:26:39,280 - __main__ - INFO - Tokens: ['▁"""', 'आप', '▁कैसे', '▁हैं', '""', '▁हाल', '▁पूछा', '."']
2025-03-01 19:26:39,280 - __main__ - INFO - # Tokens: 8
2025-03-01 19:26:39,280 - __main__ - INFO - 
Hindi Sample 10:
2025-03-01 19:26:39,280 - __main__ - INFO - Original: ← 60 सेकेंड!
2025-03-01 19:26:39,280 - __main__ - INFO - Tokens: ['▁', '←', '▁', '6', '0', '▁सेकेंड', '!']
2025-03-01 19:26:39,280 - __main__ - INFO - # Tokens: 7
2025-03-01 19:26:39,280 - __main__ - INFO - Testing on Malayalam samples:
2025-03-01 19:26:39,281 - __main__ - INFO - 
Malayalam Sample 1:
2025-03-01 19:26:39,281 - __main__ - INFO - Original: """വൃക്ഷത്തെ അതിന്റെ ഫലങ്ങളിൽ നിന്നു തിരിച്ചറിയാം."""
2025-03-01 19:26:39,281 - __main__ - INFO - Tokens: ['▁"""', 'വ', 'ൃ', 'ക്ഷ', 'ത്തെ', '▁അതിന്റെ', '▁ഫല', 'ങ്ങളിൽ', '▁നിന്നു', '▁തിരിച്ചറിയ', 'ാം', '."""']
2025-03-01 19:26:39,281 - __main__ - INFO - # Tokens: 12
2025-03-01 19:26:39,281 - __main__ - INFO - 
Malayalam Sample 2:
2025-03-01 19:26:39,281 - __main__ - INFO - Original: " (a) ""തെളിവില്ലാതെ ന്യായീകിരിക്കാൻ കഴിയുന്ന ഒന്നിനെ തെളിവില്ലാതെ തള്ളിക്കളയുകയുമാവാം""-"
2025-03-01 19:26:39,281 - __main__ - INFO - Tokens: ['▁"', '▁(', 'a', ')', '▁""', 'തെ', 'ളി', 'വ', 'ില്ലാതെ', '▁ന്യായ', 'ീ', 'ക', 'ിരിക്കാൻ', '▁കഴിയുന്ന', '▁ഒന്ന', 'ിനെ', '▁തെളിവ', 'ില്ലാതെ', '▁തള്ളിക്കളയ', 'ുക']...
2025-03-01 19:26:39,281 - __main__ - INFO - # Tokens: 25
2025-03-01 19:26:39,281 - __main__ - INFO - 
Malayalam Sample 3:
2025-03-01 19:26:39,281 - __main__ - INFO - Original: """എന്താണ്, നിന്റെ ബോയ് ഫ്രണ്ട്ന്റെ കാര്യമാണോ?"
2025-03-01 19:26:39,282 - __main__ - INFO - Tokens: ['▁"""', 'എന്ത', 'ാണ്', ',', '▁നിന്റെ', '▁ബോ', 'യ്', '▁ഫ്രണ്ട്', 'ന്റെ', '▁കാര്യ', 'മാണോ', '?"']
2025-03-01 19:26:39,282 - __main__ - INFO - # Tokens: 12
2025-03-01 19:26:39,282 - __main__ - INFO - 
Malayalam Sample 4:
2025-03-01 19:26:39,282 - __main__ - INFO - Original: ആറു വർഷമായി സൈന്യത്തിൽ ചേർന്നിട്ട്.
2025-03-01 19:26:39,282 - __main__ - INFO - Tokens: ['▁ആറു', '▁വർഷമായി', '▁സൈന്യ', 'ത്തിൽ', '▁ചേർന്ന', 'ിട്ട്', '.']
2025-03-01 19:26:39,282 - __main__ - INFO - # Tokens: 7
2025-03-01 19:26:39,282 - __main__ - INFO - 
Malayalam Sample 5:
2025-03-01 19:26:39,282 - __main__ - INFO - Original: """എഡിന, നീ എന്നെ കൊല്ലുമോ?"
2025-03-01 19:26:39,282 - __main__ - INFO - Tokens: ['▁"""', 'എ', 'ഡി', 'ന', ',', '▁നീ', '▁എന്നെ', '▁കൊല്ല', 'ുമോ', '?"']
2025-03-01 19:26:39,282 - __main__ - INFO - # Tokens: 10
2025-03-01 19:26:39,282 - __main__ - INFO - 
Malayalam Sample 6:
2025-03-01 19:26:39,282 - __main__ - INFO - Original: """ജെഫ്രിയെ 15 വർഷമായി അറിയാം."
2025-03-01 19:26:39,282 - __main__ - INFO - Tokens: ['▁"""', 'ജെ', 'ഫ്രി', 'യെ', '▁', '1', '5', '▁വർഷമായി', '▁അറിയാം', '."']
2025-03-01 19:26:39,282 - __main__ - INFO - # Tokens: 10
2025-03-01 19:26:39,282 - __main__ - INFO - 
Malayalam Sample 7:
2025-03-01 19:26:39,282 - __main__ - INFO - Original: "വാസ്തവത്തിൽ ""ഒരു മനുഷ്യൻ ലോകം മുഴുവൻ നേടുകയും എന്നാൽ സ്വന്തം ജീവൻ നഷ്ടപ്പെടുത്തുകയും ചെയ്താൽ അവന് ...
2025-03-01 19:26:39,282 - __main__ - INFO - Tokens: ['▁"', 'വാ', 'സ്ത', 'വ', 'ത്തിൽ', '▁""', 'ഒരു', '▁മനുഷ്യൻ', '▁ലോകം', '▁മുഴുവൻ', '▁നേടുകയും', '▁എന്നാൽ', '▁സ്വന്തം', '▁ജീവൻ', '▁നഷ്ടപ്പെടുത്ത', 'ുകയും', '▁ചെയ്താൽ', '▁അവന്', '▁...']
2025-03-01 19:26:39,282 - __main__ - INFO - # Tokens: 19
2025-03-01 19:26:39,282 - __main__ - INFO - 
Malayalam Sample 8:
2025-03-01 19:26:39,282 - __main__ - INFO - Original: " . അത് കഴിഞ്ഞു നമുക്കു എവിടേലും പോയിരുന്നു കൊറേ സംസാരിക്കാം """
2025-03-01 19:26:39,282 - __main__ - INFO - Tokens: ['▁"', '▁', '.', '▁അത്', '▁കഴിഞ്ഞു', '▁നമുക്കു', '▁എവിട', 'േ', 'ലും', '▁പോയിരുന്നു', '▁കൊ', 'റേ', '▁സംസാരിക്ക', 'ാം', '▁"""']
2025-03-01 19:26:39,282 - __main__ - INFO - # Tokens: 15
2025-03-01 19:26:39,282 - __main__ - INFO - 
Malayalam Sample 9:
2025-03-01 19:26:39,282 - __main__ - INFO - Original: "1859 ൽ എഴുത്തുകാരനായ ഇവാൻ അലക്സാണ്ട്റോവിച്ച് ഗോൺചാരോവ് എഴുതിയ ""ഒബ്ലോമോവ്"" എന്ന നോവൽ പ്രസിദ്ധീകരിക...
2025-03-01 19:26:39,282 - __main__ - INFO - Tokens: ['▁"', '1', '8', '5', '9', '▁ൽ', '▁എഴുത്തുകാരന', 'ായ', '▁ഇവ', 'ാൻ', '▁അലക്സ', 'ാണ്', 'ട്', 'റോ', 'വ', 'ിച്ച്', '▁ഗോ', 'ൺ', 'ചാര', 'ോ']...
2025-03-01 19:26:39,282 - __main__ - INFO - # Tokens: 39
2025-03-01 19:26:39,282 - __main__ - INFO - 
Malayalam Sample 10:
2025-03-01 19:26:39,282 - __main__ - INFO - Original: " ""അവൻ. . . അവൻ ദൈവമായിരുന്നില്ല."
2025-03-01 19:26:39,282 - __main__ - INFO - Tokens: ['▁"', '▁""', 'അവൻ', '.', '▁', '.', '▁', '.', '▁അവൻ', '▁ദൈവ', 'മായിരുന്നില്ല', '."']
2025-03-01 19:26:39,282 - __main__ - INFO - # Tokens: 12
2025-03-01 19:26:39,282 - __main__ - INFO - Testing on Odia samples:
2025-03-01 19:26:39,283 - __main__ - INFO - 
Odia Sample 1:
2025-03-01 19:26:39,283 - __main__ - INFO - Original: ଏଠାରେ ଜଣେ 45 ବର୍ଷର ମହିଳାଙ୍କୁ ନିଜଠାରୁ 15 ବର୍ଷୀୟ ସାନ ଯୁବକ ସହିତ ପ୍ରେମ ହୋଇଗଲା।
2025-03-01 19:26:39,283 - __main__ - INFO - Tokens: ['▁ଏଠାରେ', '▁ଜଣେ', '▁', '4', '5', '▁ବର୍ଷର', '▁ମହିଳା', 'ଙ୍କୁ', '▁ନିଜ', 'ଠାରୁ', '▁', '1', '5', '▁ବର୍ଷ', 'ୀୟ', '▁ସା', 'ନ', '▁ଯୁବକ', '▁ସହିତ', '▁ପ୍ରେମ']...
2025-03-01 19:26:39,283 - __main__ - INFO - # Tokens: 22
2025-03-01 19:26:39,283 - __main__ - INFO - 
Odia Sample 2:
2025-03-01 19:26:39,283 - __main__ - INFO - Original: ମୋର ବିଶ୍ୱାସ ଯେ ଶ୍ରୀଲଙ୍କା ସରକାର ୟୁନାଇଟେଡ ଶ୍ରୀଲଙ୍କାରେ ସମାନତା, ନ୍ୟାୟ, ଶାନ୍ତି ଏବଂ ସମ୍ମାନ ପାଇଁ ତାମିଲ ଲୋକମ...
2025-03-01 19:26:39,283 - __main__ - INFO - Tokens: ['▁ମୋର', '▁ବିଶ୍ୱାସ', '▁ଯେ', '▁ଶ୍ରୀଲଙ୍କା', '▁ସରକାର', '▁ୟୁ', 'ନ', 'ାଇ', 'ଟେ', 'ଡ', '▁ଶ୍ରୀଲଙ୍କା', 'ରେ', '▁ସମାନ', 'ତା', ',', '▁ନ୍ୟାୟ', ',', '▁ଶାନ୍ତି', '▁ଏବଂ', '▁ସମ୍ମାନ']...
2025-03-01 19:26:39,283 - __main__ - INFO - # Tokens: 29
2025-03-01 19:26:39,283 - __main__ - INFO - 
Odia Sample 3:
2025-03-01 19:26:39,283 - __main__ - INFO - Original: ଏହାକୁ ଖୋଜିବା ଲାଗି ସବୁ ପ୍ରକାର ଉଦ୍ୟମ ଚାଲିଛି।
2025-03-01 19:26:39,283 - __main__ - INFO - Tokens: ['▁ଏହାକୁ', '▁ଖୋଜିବା', '▁ଲାଗି', '▁ସବୁ', '▁ପ୍ରକାର', '▁ଉଦ୍ୟମ', '▁ଚାଲିଛି', '।']
2025-03-01 19:26:39,283 - __main__ - INFO - # Tokens: 8
2025-03-01 19:26:39,283 - __main__ - INFO - 
Odia Sample 4:
2025-03-01 19:26:39,283 - __main__ - INFO - Original: 'ଦେଶ ତୁମ ପାଇଁ କ'ଣ କରିବ ପଚାର ନାହିଁ, ବର ̊ କୁହ ତୁମେ ଦେଶ ପାଇଁ କ'ଣ କରି ପାରିବ'।
2025-03-01 19:26:39,283 - __main__ - INFO - Tokens: ["▁'", 'ଦେଶ', '▁ତୁମ', '▁ପାଇଁ', '▁କ', "'", 'ଣ', '▁କରିବ', '▁ପ', 'ଚାର', '▁ନାହିଁ', ',', '▁', 'ବର', '▁', '̊', '▁କୁହ', '▁ତୁମେ', '▁ଦେଶ', '▁ପାଇଁ']...
2025-03-01 19:26:39,283 - __main__ - INFO - # Tokens: 27
2025-03-01 19:26:39,283 - __main__ - INFO - 
Odia Sample 5:
2025-03-01 19:26:39,283 - __main__ - INFO - Original: (ଚ) ଆଇନରେ ନିର୍ଦ୍ଧାରିତ ମତେ ଅନ୍ୟାନ୍ୟ ଦାୟିତ୍ବସମୂହର ସଂପାଦନ କରିବେ ।
2025-03-01 19:26:39,283 - __main__ - INFO - Tokens: ['▁(', 'ଚ', ')', '▁ଆଇନ', 'ରେ', '▁ନିର୍ଦ୍ଧାରିତ', '▁ମତେ', '▁ଅନ୍ୟାନ୍ୟ', '▁ଦାୟିତ୍ବ', 'ସମୂହ', 'ର', '▁ସଂ', 'ପା', 'ଦ', 'ନ', '▁କରିବେ', '▁।']
2025-03-01 19:26:39,284 - __main__ - INFO - # Tokens: 17
2025-03-01 19:26:39,284 - __main__ - INFO - 
Odia Sample 6:
2025-03-01 19:26:39,284 - __main__ - INFO - Original: """ସମସ୍ତ ବିଷୟ ସାଧନ କରିବାକୁ ମୋହର ସ୍ବାଧୀନତା ଅଛି, କିନ୍ତୁ ସମସ୍ତ ବିଷୟ ହିତଜନକ ନୁହେଁ ।"
2025-03-01 19:26:39,284 - __main__ - INFO - Tokens: ['▁"""', 'ସ', 'ମ', 'ସ୍ତ', '▁ବିଷୟ', '▁ସା', 'ଧନ', '▁କରିବାକୁ', '▁ମୋ', 'ହର', '▁ସ୍ବ', 'ାଧୀନ', 'ତା', '▁ଅଛି', ',', '▁କିନ୍ତୁ', '▁ସମସ୍ତ', '▁ବିଷୟ', '▁', 'ହିତ']...
2025-03-01 19:26:39,284 - __main__ - INFO - # Tokens: 24
2025-03-01 19:26:39,284 - __main__ - INFO - 
Odia Sample 7:
2025-03-01 19:26:39,284 - __main__ - INFO - Original: """ପୁସ୍ତକ ବିନା କୋଠରୀ ପ୍ରାଣ ବିନା ଶରୀର ପରି ଅଟେ।"
2025-03-01 19:26:39,284 - __main__ - INFO - Tokens: ['▁"""', 'ପୁ', 'ସ୍ତ', 'କ', '▁ବିନା', '▁କୋଠରୀ', '▁ପ୍ରାଣ', '▁ବିନା', '▁ଶରୀର', '▁ପରି', '▁ଅଟେ', '।"']
2025-03-01 19:26:39,284 - __main__ - INFO - # Tokens: 12
2025-03-01 19:26:39,284 - __main__ - INFO - 
Odia Sample 8:
2025-03-01 19:26:39,284 - __main__ - INFO - Original: 'ଦେଶ ତୁମ ପାଇଁ କ'ଣ କରିବ ପଚାର ନାହିଁ, ବର ̊ କୁହ ତୁମେ ଦେଶ ପାଇଁ କ'ଣ କରି ପାରିବ'।
2025-03-01 19:26:39,284 - __main__ - INFO - Tokens: ["▁'", 'ଦେଶ', '▁ତୁମ', '▁ପାଇଁ', '▁କ', "'", 'ଣ', '▁କରିବ', '▁ପ', 'ଚାର', '▁ନାହିଁ', ',', '▁', 'ବର', '▁', '̊', '▁କୁହ', '▁ତୁମେ', '▁ଦେଶ', '▁ପାଇଁ']...
2025-03-01 19:26:39,284 - __main__ - INFO - # Tokens: 27
2025-03-01 19:26:39,284 - __main__ - INFO - 
Odia Sample 9:
2025-03-01 19:26:39,284 - __main__ - INFO - Original: (ଖ) କୌଣସି ବ୍ୟକ୍ତି ଗୋଟିଏ ଅପରାଧ ପାଇଁ ଦୁଇଥର ଦଣ୍ଡ ଭୋଗ କରିବେ ନାହିଁ ।
2025-03-01 19:26:39,284 - __main__ - INFO - Tokens: ['▁(', 'ଖ', ')', '▁କୌଣସି', '▁ବ୍ୟକ୍ତି', '▁ଗୋଟିଏ', '▁ଅପରାଧ', '▁ପାଇଁ', '▁ଦୁଇଥର', '▁', 'ଦଣ୍ଡ', '▁ଭୋଗ', '▁କରିବେ', '▁ନାହିଁ', '▁।']
2025-03-01 19:26:39,284 - __main__ - INFO - # Tokens: 15
2025-03-01 19:26:39,284 - __main__ - INFO - 
Odia Sample 10:
2025-03-01 19:26:39,284 - __main__ - INFO - Original: """ ଦଫା "" ଅର୍ଥ ଏହି ଆଇନର କୌଣସି ଦଫା"
2025-03-01 19:26:39,284 - __main__ - INFO - Tokens: ['▁"""', '▁ଦ', 'ଫା', '▁""', '▁ଅର୍ଥ', '▁ଏହି', '▁ଆଇନ', 'ର', '▁କୌଣସି', '▁ଦ', 'ଫା', '"']
2025-03-01 19:26:39,284 - __main__ - INFO - # Tokens: 12
2025-03-01 19:26:39,284 - __main__ - INFO - Testing on Gujarati samples:
2025-03-01 19:26:39,285 - __main__ - INFO - 
Gujarati Sample 1:
2025-03-01 19:26:39,285 - __main__ - INFO - Original: """ખરાબ ભાષા એક તબક્કા છે જે બધા બાળકો પસાર થાય છે, અને તે સમય સાથે મૃત્યુ પામે છે જ્યારે તેઓ શીખે છ...
2025-03-01 19:26:39,285 - __main__ - INFO - Tokens: ['▁"""', 'ખ', 'રા', 'બ', '▁ભાષા', '▁એક', '▁તબક્કા', '▁છે', '▁જે', '▁બધા', '▁બાળકો', '▁પસાર', '▁થાય', '▁છે', ',', '▁અને', '▁તે', '▁સમય', '▁સાથે', '▁મૃત્યુ']...
2025-03-01 19:26:39,285 - __main__ - INFO - # Tokens: 29
2025-03-01 19:26:39,285 - __main__ - INFO - 
Gujarati Sample 2:
2025-03-01 19:26:39,285 - __main__ - INFO - Original: """ક્યાં તમે અમારી સાથે છે, અથવા તમે આતંકવાદીઓ સાથે છે."
2025-03-01 19:26:39,285 - __main__ - INFO - Tokens: ['▁"""', 'ક', '્યાં', '▁તમે', '▁અમારી', '▁સાથે', '▁છે', ',', '▁અથવા', '▁તમે', '▁આતંકવાદીઓ', '▁સાથે', '▁છે', '."']
2025-03-01 19:26:39,285 - __main__ - INFO - # Tokens: 14
2025-03-01 19:26:39,285 - __main__ - INFO - 
Gujarati Sample 3:
2025-03-01 19:26:39,285 - __main__ - INFO - Original: """જો મને ફક્ત એક જ દિવસ પસંદ કરવાનું હતું"
2025-03-01 19:26:39,285 - __main__ - INFO - Tokens: ['▁"""', 'જો', '▁મને', '▁ફક્ત', '▁એક', '▁જ', '▁દિવસ', '▁પસંદ', '▁કરવાનું', '▁હતું', '"']
2025-03-01 19:26:39,285 - __main__ - INFO - # Tokens: 11
2025-03-01 19:26:39,285 - __main__ - INFO - 
Gujarati Sample 4:
2025-03-01 19:26:39,285 - __main__ - INFO - Original: """ ""એરિયલ અને તેના પૃથ્વી એન્જલ્સ અમને પૃથ્વીના કુદરતી લયને સમજવા અને ખડકો, ઝાડ અને છોડના જાદુઈ હી...
2025-03-01 19:26:39,285 - __main__ - INFO - Tokens: ['▁"""', '▁""', 'એ', 'રિયલ', '▁અને', '▁તેના', '▁પૃથ્વી', '▁એન્જલ', '્સ', '▁અમને', '▁પૃથ્વીના', '▁કુદરતી', '▁લ', 'ય', 'ને', '▁સમજવા', '▁અને', '▁ખડકો', ',', '▁ઝાડ']...
2025-03-01 19:26:39,285 - __main__ - INFO - # Tokens: 29
2025-03-01 19:26:39,285 - __main__ - INFO - 
Gujarati Sample 5:
2025-03-01 19:26:39,285 - __main__ - INFO - Original: """ ""શું મને સી. એફ. એલ. (કોમ્પેક્ટ ફ્લોરોસન્ટ લેમ્પ) અથવા એલઇડી (લાઇટ-ઇમિટિંગ ડાયોડ) લાઇટ બલ્બ ખરી...
2025-03-01 19:26:39,285 - __main__ - INFO - Tokens: ['▁"""', '▁""', 'શું', '▁મને', '▁સી', '.', '▁એફ', '.', '▁એલ', '.', '▁(', 'કો', 'મ્પ', 'ે', 'ક્ટ', '▁ફ્લોર', 'ોસ', 'ન્ટ', '▁લે', 'મ્પ']...
2025-03-01 19:26:39,285 - __main__ - INFO - # Tokens: 39
2025-03-01 19:26:39,285 - __main__ - INFO - 
Gujarati Sample 6:
2025-03-01 19:26:39,285 - __main__ - INFO - Original: """આપણે તેમને બચાવી લઈશું."
2025-03-01 19:26:39,285 - __main__ - INFO - Tokens: ['▁"""', 'આપણે', '▁તેમને', '▁બચાવી', '▁લઈ', 'શું', '."']
2025-03-01 19:26:39,285 - __main__ - INFO - # Tokens: 7
2025-03-01 19:26:39,285 - __main__ - INFO - 
Gujarati Sample 7:
2025-03-01 19:26:39,285 - __main__ - INFO - Original: """શું આ એ માણસ છે, જેણે પૃથ્વીને ધ્રૂજાવી હતી,"
2025-03-01 19:26:39,285 - __main__ - INFO - Tokens: ['▁"""', 'શું', '▁આ', '▁એ', '▁માણસ', '▁છે', ',', '▁જેણે', '▁પૃથ્વી', 'ને', '▁ધ', '્રૂ', 'જા', 'વી', '▁હતી', ',', '"']
2025-03-01 19:26:39,285 - __main__ - INFO - # Tokens: 17
2025-03-01 19:26:39,285 - __main__ - INFO - 
Gujarati Sample 8:
2025-03-01 19:26:39,285 - __main__ - INFO - Original: """ઓક્ટોબર ક્રાંતિ"""
2025-03-01 19:26:39,285 - __main__ - INFO - Tokens: ['▁"""', 'ઓ', 'ક્ટોબર', '▁ક્રાંતિ', '"""']
2025-03-01 19:26:39,285 - __main__ - INFO - # Tokens: 5
2025-03-01 19:26:39,285 - __main__ - INFO - 
Gujarati Sample 9:
2025-03-01 19:26:39,285 - __main__ - INFO - Original: """તમે કરો છો."
2025-03-01 19:26:39,285 - __main__ - INFO - Tokens: ['▁"""', 'તમે', '▁કરો', '▁છો', '."']
2025-03-01 19:26:39,285 - __main__ - INFO - # Tokens: 5
2025-03-01 19:26:39,285 - __main__ - INFO - 
Gujarati Sample 10:
2025-03-01 19:26:39,285 - __main__ - INFO - Original: """તમામ ક્રિયાપદો પાસે ત્રણ મૂળભૂત સ્વરૂપો છે, જેને તેમના મુખ્ય ભાગો કહેવામાં આવે છે."
2025-03-01 19:26:39,285 - __main__ - INFO - Tokens: ['▁"""', 'તમામ', '▁ક્રિયાપદ', 'ો', '▁પાસે', '▁ત્રણ', '▁મૂળભૂત', '▁સ્વરૂપો', '▁છે', ',', '▁જેને', '▁તેમના', '▁મુખ્ય', '▁ભાગો', '▁કહેવામાં', '▁આવે', '▁છે', '."']
2025-03-01 19:26:39,286 - __main__ - INFO - # Tokens: 18
